#
# A fatal error has been detected by the Java Runtime Environment:
#
#  SIGILL (0x4) at pc=0x00007fff31a29abc, pid=49442, tid=56099
#
# JRE version: OpenJDK Runtime Environment (14.0.1+14) (build 14.0.1+14)
# Java VM: OpenJDK 64-Bit Server VM (14.0.1+14, mixed mode, sharing, tiered, compressed oops, g1 gc, bsd-amd64)
# Problematic frame:
# C  [AppKit+0x3e5abc]  -[NSOpenGLContext setView:]+0xe5
#
# No core dump will be written. Core dumps have been disabled. To enable core dumping, try "ulimit -c unlimited" before starting Java again
#
# If you would like to submit a bug report, please visit:
#   https://bugreport.java.com/bugreport/crash.jsp
# The crash happened outside the Java Virtual Machine in native code.
# See problematic frame for where to report the bug.
#

---------------  S U M M A R Y ------------

Command Line: Emulicious.jar

Host: MacBookPro15,1 x86_64 2400 MHz, 16 cores, 16G, Darwin 19.6.0
Time: Sun May  2 12:19:07 2021 PDT elapsed time: 8458 seconds (0d 2h 20m 58s)

---------------  T H R E A D  ---------------

Current thread (0x00007f875780d800):  JavaThread "Java2D Queue Flusher" daemon [_thread_in_native, id=56099, stack(0x000070000ea29000,0x000070000eb29000)]

Stack: [0x000070000ea29000,0x000070000eb29000],  sp=0x000070000eb288e0,  free space=1022k
Native frames: (J=compiled Java code, A=aot compiled Java code, j=interpreted, Vv=VM code, C=native code)
C  [AppKit+0x3e5abc]  -[NSOpenGLContext setView:]+0xe5
C  [libawt_lwawt.dylib+0x20e23]  CGLSD_MakeCurrentToScratch+0x45
C  [libawt_lwawt.dylib+0x20f2c]  OGLSD_MakeOGLContextCurrent+0x58
C  [libawt_lwawt.dylib+0x40179]  OGLContext_SetSurfaces+0x85
C  [libawt_lwawt.dylib+0x43ead]  Java_sun_java2d_opengl_OGLRenderQueue_flushBuffer+0x629
J 2100  sun.java2d.opengl.OGLRenderQueue.flushBuffer(JI)V java.desktop@14.0.1 (0 bytes) @ 0x000000011f99eadd [0x000000011f99ea20+0x00000000000000bd]
J 3600% c2 sun.java2d.opengl.OGLRenderQueue$QueueFlusher.run()V java.desktop@14.0.1 (234 bytes) @ 0x000000011f95ca2c [0x000000011f95c920+0x000000000000010c]
j  java.lang.Thread.run()V+11 java.base@14.0.1
v  ~StubRoutines::call_stub
V  [libjvm.dylib+0x35ad07]  _ZN9JavaCalls11call_helperEP9JavaValueRK12methodHandleP17JavaCallArgumentsP6Thread+0x255
V  [libjvm.dylib+0x35a110]  _ZN9JavaCalls12call_virtualEP9JavaValueP5KlassP6SymbolS5_P17JavaCallArgumentsP6Thread+0xfe
V  [libjvm.dylib+0x35a1ca]  _ZN9JavaCalls12call_virtualEP9JavaValue6HandleP5KlassP6SymbolS6_P6Thread+0x62
V  [libjvm.dylib+0x3e9237]  _ZL12thread_entryP10JavaThreadP6Thread+0x78
V  [libjvm.dylib+0x7705dc]  _ZN10JavaThread17thread_main_innerEv+0x86
V  [libjvm.dylib+0x770420]  _ZN10JavaThread3runEv+0x118
V  [libjvm.dylib+0x76e287]  _ZN6Thread8call_runEv+0x71
V  [libjvm.dylib+0x60469f]  _ZL19thread_native_entryP6Thread+0x126
C  [libsystem_pthread.dylib+0x6109]  _pthread_start+0x94
C  [libsystem_pthread.dylib+0x1b8b]  thread_start+0xf

Java frames: (J=compiled Java code, j=interpreted, Vv=VM code)
J 2100  sun.java2d.opengl.OGLRenderQueue.flushBuffer(JI)V java.desktop@14.0.1 (0 bytes) @ 0x000000011f99ea68 [0x000000011f99ea20+0x0000000000000048]
J 3600% c2 sun.java2d.opengl.OGLRenderQueue$QueueFlusher.run()V java.desktop@14.0.1 (234 bytes) @ 0x000000011f95ca2c [0x000000011f95c920+0x000000000000010c]
j  java.lang.Thread.run()V+11 java.base@14.0.1
v  ~StubRoutines::call_stub

siginfo: si_signo: 4 (SIGILL), si_code: 1 (ILL_ILLOPC), si_addr: 0x00007fff31a29abc

Register to memory mapping:

RAX=0x0 is NULL
RBX=0x00007f875978e8c0 points into unknown readable memory: e0 90 76 53 87 7f 00 00
RCX=0x0 is NULL
RDX=0x0 is NULL
RSP=0x000070000eb288e0 is pointing into the stack for thread: 0x00007f875780d800
RBP=0x000070000eb28930 is pointing into the stack for thread: 0x00007f875780d800
RSI=0x000000001f08000c is an unknown value
RDI=0x0 is NULL
R8 =0x0 is NULL
R9 =0x0 is NULL
R10=0x0 is NULL
R11=0x0 is NULL
R12=0x00007f875781f038 points into unknown readable memory: 00 00 00 00 00 00 00 00
R13=0x00007f876006c220 points into unknown readable memory: 6c 65 50 0e 01 00 00 00
R14=0x00007f87537692c0 points into unknown readable memory: 87 aa 73 8b ff ff 3d 00
R15=0x00007f87537690e0 points into unknown readable memory: 85 78 73 8b ff ff 3d 01


Registers:
RAX=0x0000000000000000, RBX=0x00007f875978e8c0, RCX=0x0000000000000000, RDX=0x0000000000000000
RSP=0x000070000eb288e0, RBP=0x000070000eb28930, RSI=0x000000001f08000c, RDI=0x0000000000000000
R8 =0x0000000000000000, R9 =0x0000000000000000, R10=0x0000000000000000, R11=0x0000000000000000
R12=0x00007f875781f038, R13=0x00007f876006c220, R14=0x00007f87537692c0, R15=0x00007f87537690e0
RIP=0x00007fff31a29abc, EFLAGS=0x0000000000010202, ERR=0x0000000000000000
  TRAPNO=0x0000000000000006

Top of Stack: (sp=0x000070000eb288e0)
0x000070000eb288e0:   000000003f800000 0000000000000000
0x000070000eb288f0:   0000000043548000 0000000000000000
0x000070000eb28900:   0000000043548000 0000000000000000
0x000070000eb28910:   ffffffff0000ffff 00007f875978e8c0
0x000070000eb28920:   00007f875780db10 00007f875780db10
0x000070000eb28930:   000070000eb28960 000000010e4e0e23
0x000070000eb28940:   00007f8753438e40 00007f875978ec10
0x000070000eb28950:   00007f875978e8c0 00007f875780db10
0x000070000eb28960:   000070000eb289a0 000000010e4e0f2c
0x000070000eb28970:   0000000000000005 00007f875780db10
0x000070000eb28980:   00007f876006c220 0000000000000000
0x000070000eb28990:   00007f8757836618 00007f876006c220
0x000070000eb289a0:   000070000eb289e0 000000010e500179
0x000070000eb289b0:   000000010e503e7e 00007f8757836608
0x000070000eb289c0:   00007f876006c220 0000000000000000
0x000070000eb289d0:   00007f8757836618 00007f876006c220
0x000070000eb289e0:   000070000eb28a30 000000010e503ead
0x000070000eb289f0:   000000005780d800 00007f8757836710
0x000070000eb28a00:   00007f875780db10 000070000eb28a90
0x000070000eb28a10:   0000000000000000 0000000000000000
0x000070000eb28a20:   00000000e00deffb 00007f875780d800
0x000070000eb28a30:   000070000eb28a80 000000011f99eadd
0x000070000eb28a40:   0000000700788a30 0000000131207598
0x000070000eb28a50:   0000000000000000 0000000700a2f858
0x000070000eb28a60:   0000000131207528 0000000000000000
0x000070000eb28a70:   000070000eb28a90 00000000e00f1146
0x000070000eb28a80:   00000000e00f1146 000000011f95ca2c
0x000070000eb28a90:   0000000700788a30 0000000000000001
0x000070000eb28aa0:   0000000700785eb0 0000000700785d40
0x000070000eb28ab0:   0000000700785eb0 000070000eb28b38
0x000070000eb28ac0:   0000000000000001 0000000000000000
0x000070000eb28ad0:   000070000eb28b38 0000000117d15f38 

Instructions: (pc=0x00007fff31a29abc)
0x00007fff31a299bc:   c3 90 90 90 90 90 90 90 90 55 48 89 e5 48 8b 35
0x00007fff31a299cc:   f0 01 cd 59 5d ff 25 71 bf 9b 59 55 48 89 e5 41
0x00007fff31a299dc:   57 41 56 53 48 83 ec 38 49 89 d6 49 89 ff 8a 05
0x00007fff31a299ec:   a8 1b d4 59 84 c0 0f 84 90 00 00 00 04 fe 84 c0
0x00007fff31a299fc:   75 0d e8 59 03 78 00 85 c0 0f 84 a5 00 00 00 48
0x00007fff31a29a0c:   8b 35 6e f0 cb 59 4c 89 ff ff 15 2d bf 9b 59 49
0x00007fff31a29a1c:   8d 7f 08 e8 7c 01 78 00 4c 39 f0 74 3e 48 8b 0d
0x00007fff31a29a2c:   08 a6 9b 59 48 8d 7d b0 48 89 0f b9 00 00 00 c2
0x00007fff31a29a3c:   48 89 4f 08 48 8d 0d 63 31 32 00 48 89 4f 10 48
0x00007fff31a29a4c:   8d 0d 4e 40 9c 59 48 89 4f 18 48 89 47 20 4c 89
0x00007fff31a29a5c:   7f 28 4c 89 77 30 e8 83 38 cb ff 31 db 48 8b 35
0x00007fff31a29a6c:   18 f0 cb 59 4c 89 ff ff 15 cf be 9b 59 84 db 75
0x00007fff31a29a7c:   2c 48 83 c4 38 5b 41 5e 41 5f 5d c3 48 8d 3d f9
0x00007fff31a29a8c:   ac a1 59 48 8d 15 02 1b d4 59 48 8d 0d d8 39 32
0x00007fff31a29a9c:   00 31 f6 e8 80 e9 c1 ff e9 51 ff ff ff e8 c2 00
0x00007fff31a29aac:   78 00 0f 0b 48 8d 3d 13 70 7f 00 e8 14 fb 77 00
0x00007fff31a29abc:   0f 0b 49 89 c6 eb 13 48 89 c7 e8 75 00 78 00 b3
0x00007fff31a29acc:   01 eb 9a 49 89 c6 84 db 74 05 e8 89 00 78 00 4c
0x00007fff31a29adc:   89 f7 e8 0f fa 77 00 0f 0b e8 58 01 78 00 55 48
0x00007fff31a29aec:   89 e5 41 57 41 56 41 54 53 41 89 f6 48 89 fb 48
0x00007fff31a29afc:   83 c7 08 e8 9c 00 78 00 49 89 c7 48 89 df e8 45
0x00007fff31a29b0c:   00 00 00 49 89 c4 4c 89 ff 31 f6 e8 88 00 00 00
0x00007fff31a29b1c:   49 89 c7 45 0f be f6 4d 85 e4 74 0b 48 89 df 44
0x00007fff31a29b2c:   89 f6 e8 42 97 04 00 4d 85 ff 74 13 48 89 df 44
0x00007fff31a29b3c:   89 f6 5b 41 5c 41 5e 41 5f 5d e9 e5 48 04 00 5b
0x00007fff31a29b4c:   41 5c 41 5e 41 5f 5d c3 55 48 89 e5 41 56 53 48
0x00007fff31a29b5c:   89 fb 4c 8d 35 93 67 d3 59 4c 89 f7 e8 01 02 78
0x00007fff31a29b6c:   00 48 8b 3d 1c 1a d4 59 48 8b 35 8d c8 cb 59 48
0x00007fff31a29b7c:   89 da ff 15 c4 bd 9b 59 48 89 c7 ff 15 cb bd 9b
0x00007fff31a29b8c:   59 48 89 c3 4c 89 f7 e8 dc 01 78 00 48 89 df 5b
0x00007fff31a29b9c:   41 5e 5d e9 84 ff 77 00 55 48 89 e5 41 57 41 56
0x00007fff31a29bac:   53 50 41 89 f7 49 89 fe 48 8d 3d fd 66 d3 59 e8 


Stack slot to memory mapping:
stack at sp + 0 slots: 0x000000003f800000 is an unknown value
stack at sp + 1 slots: 0x0 is NULL
stack at sp + 2 slots: 0x0000000043548000 is an unknown value
stack at sp + 3 slots: 0x0 is NULL
stack at sp + 4 slots: 0x0000000043548000 is an unknown value
stack at sp + 5 slots: 0x0 is NULL
stack at sp + 6 slots: 0xffffffff0000ffff is an unknown value
stack at sp + 7 slots: 0x00007f875978e8c0 points into unknown readable memory: e0 90 76 53 87 7f 00 00


---------------  P R O C E S S  ---------------

Threads class SMR info:
_java_thread_list=0x00007f875e609b50, length=20, elements={
0x00007f875480a000, 0x00007f8754812000, 0x00007f8754823000, 0x00007f875580b000,
0x00007f875580c000, 0x00007f8754134800, 0x00007f875412a000, 0x00007f875412b000,
0x00007f875780b000, 0x00007f87548c6000, 0x00007f8754186000, 0x00007f875780d800,
0x00007f875780e800, 0x00007f8754900000, 0x00007f8754012800, 0x00007f8759812000,
0x00007f8759810800, 0x00007f87541a8000, 0x00007f875416c800, 0x00007f87608fc800
}

Java Threads: ( => current thread )
  0x00007f875480a000 JavaThread "Reference Handler" daemon [_thread_blocked, id=16387, stack(0x000070000d5d5000,0x000070000d6d5000)]
  0x00007f8754812000 JavaThread "Finalizer" daemon [_thread_blocked, id=19203, stack(0x000070000d6d8000,0x000070000d7d8000)]
  0x00007f8754823000 JavaThread "Signal Dispatcher" daemon [_thread_blocked, id=43011, stack(0x000070000d8e1000,0x000070000d9e1000)]
  0x00007f875580b000 JavaThread "Service Thread" daemon [_thread_blocked, id=42243, stack(0x000070000d9e4000,0x000070000dae4000)]
  0x00007f875580c000 JavaThread "C2 CompilerThread0" daemon [_thread_blocked, id=41475, stack(0x000070000dae7000,0x000070000dbe7000)]
  0x00007f8754134800 JavaThread "C1 CompilerThread0" daemon [_thread_blocked, id=22531, stack(0x000070000dbea000,0x000070000dcea000)]
  0x00007f875412a000 JavaThread "Sweeper thread" daemon [_thread_blocked, id=23043, stack(0x000070000dced000,0x000070000dded000)]
  0x00007f875412b000 JavaThread "Notification Thread" daemon [_thread_blocked, id=39939, stack(0x000070000def3000,0x000070000dff3000)]
  0x00007f875780b000 JavaThread "Common-Cleaner" daemon [_thread_blocked, id=39171, stack(0x000070000e0f9000,0x000070000e1f9000)]
  0x00007f87548c6000 JavaThread "AppKit Thread" daemon [_thread_blocked, id=775, stack(0x00007ffeea2ca000,0x00007ffeeaaca000)]
  0x00007f8754186000 JavaThread "AWT-Shutdown" [_thread_blocked, id=32003, stack(0x000070000e1fc000,0x000070000e2fc000)]
=>0x00007f875780d800 JavaThread "Java2D Queue Flusher" daemon [_thread_in_native, id=56099, stack(0x000070000ea29000,0x000070000eb29000)]
  0x00007f875780e800 JavaThread "Java2D Disposer" daemon [_thread_blocked, id=66063, stack(0x000070000eb2c000,0x000070000ec2c000)]
  0x00007f8754900000 JavaThread "AWT-EventQueue-0" [_thread_blocked, id=59139, stack(0x000070000ec2f000,0x000070000ed2f000)]
  0x00007f8754012800 JavaThread "DestroyJavaVM" [_thread_blocked, id=8451, stack(0x000070000cec0000,0x000070000cfc0000)]
  0x00007f8759812000 JavaThread "SwingWorker-pool-1-thread-1" daemon [_thread_blocked, id=95491, stack(0x000070000f344000,0x000070000f444000)]
  0x00007f8759810800 JavaThread "Sleep Thread" daemon [_thread_blocked, id=95747, stack(0x000070000f447000,0x000070000f547000)]
  0x00007f87541a8000 JavaThread "TimerQueue" daemon [_thread_blocked, id=96007, stack(0x000070000f54a000,0x000070000f64a000)]
  0x00007f875416c800 JavaThread "Java Sound Event Dispatcher" daemon [_thread_blocked, id=131587, stack(0x000070000f6d0000,0x000070000f7d0000)]
  0x00007f87608fc800 JavaThread "Emulicious Runner" [_thread_in_native, id=172575, stack(0x000070000e488000,0x000070000e588000)]

Other Threads:
  0x00007f8754129800 VMThread "VM Thread" [stack: 0x000070000d4d2000,0x000070000d5d2000] [id=15619]
  0x00007f875412c000 WatcherThread [stack: 0x000070000dff6000,0x000070000e0f6000] [id=23811]
  0x00007f8754043000 GCTaskThread "GC Thread#0" [stack: 0x000070000cfc3000,0x000070000d0c3000] [id=20739]
  0x00007f8758846000 GCTaskThread "GC Thread#1" [stack: 0x000070000ee35000,0x000070000ef35000] [id=93699]
  0x00007f8758846800 GCTaskThread "GC Thread#2" [stack: 0x000070000ef38000,0x000070000f038000] [id=94211]
  0x00007f87549e0000 GCTaskThread "GC Thread#3" [stack: 0x000070000f03b000,0x000070000f13b000] [id=94723]
  0x00007f8758847800 GCTaskThread "GC Thread#4" [stack: 0x000070000f13e000,0x000070000f23e000] [id=126211]
  0x00007f8755ae2800 GCTaskThread "GC Thread#5" [stack: 0x000070000f241000,0x000070000f341000] [id=94979]
  0x00007f87541a6800 GCTaskThread "GC Thread#6" [stack: 0x000070000d7db000,0x000070000d8db000] [id=85167]
  0x00007f87545a7000 GCTaskThread "GC Thread#7" [stack: 0x000070000ddf0000,0x000070000def0000] [id=44047]
  0x00007f8754054000 ConcurrentGCThread "G1 Main Marker" [stack: 0x000070000d0c6000,0x000070000d1c6000] [id=13571]
  0x00007f8754054800 ConcurrentGCThread "G1 Conc#0" [stack: 0x000070000d1c9000,0x000070000d2c9000] [id=14595]
  0x00007f8743823000 ConcurrentGCThread "G1 Conc#1" [stack: 0x000070000fbe2000,0x000070000fce2000] [id=164691]
  0x00007f875983f000 ConcurrentGCThread "G1 Conc#2" [stack: 0x000070000fce5000,0x000070000fde5000] [id=167267]
  0x00007f8754109800 ConcurrentGCThread "G1 Refine#0" [stack: 0x000070000d2cc000,0x000070000d3cc000] [id=19971]
  0x00007f875410a000 ConcurrentGCThread "G1 Young RemSet Sampling" [stack: 0x000070000d3cf000,0x000070000d4cf000] [id=15107]

Threads with active compile tasks:

VM state:not at safepoint (normal execution)

VM Mutex/Monitor currently owned by a thread: None

Heap address: 0x0000000700000000, size: 4096 MB, Compressed Oops mode: Zero based, Oop shift amount: 3
Narrow klass base: 0x0000000800000000, Narrow klass shift: 3
Compressed class space size: 1073741824 Address: 0x0000000800b19000

Heap:
 garbage-first heap   total 119808K, used 56263K [0x0000000700000000, 0x0000000800000000)
  region size 1024K, 2 young (2048K), 1 survivors (1024K)
 Metaspace       used 25861K, capacity 26322K, committed 26800K, reserved 1073152K
  class space    used 2978K, capacity 3205K, committed 3328K, reserved 1048576K
Heap Regions: E=young(eden), S=young(survivor), O=old, HS=humongous(starts), HC=humongous(continues), CS=collection set, F=free, OA=open archive, CA=closed archive, TAMS=top-at-mark-start (previous, next)
|   0|0x0000000700000000, 0x00000007000ffff0, 0x0000000700100000| 99%| O|  |TAMS 0x00000007000ffff0, 0x0000000700000000| Untracked 
|   1|0x0000000700100000, 0x00000007001ffff8, 0x0000000700200000| 99%| O|  |TAMS 0x00000007001ffff8, 0x0000000700100000| Untracked 
|   2|0x0000000700200000, 0x00000007002fffd0, 0x0000000700300000| 99%| O|  |TAMS 0x00000007002fffd0, 0x0000000700200000| Untracked 
|   3|0x0000000700300000, 0x00000007003ffff8, 0x0000000700400000| 99%| O|  |TAMS 0x00000007003ffff8, 0x0000000700300000| Untracked 
|   4|0x0000000700400000, 0x00000007004ffff8, 0x0000000700500000| 99%| O|  |TAMS 0x00000007004ffff8, 0x0000000700400000| Untracked 
|   5|0x0000000700500000, 0x00000007005ffff0, 0x0000000700600000| 99%| O|  |TAMS 0x00000007005ffff0, 0x0000000700500000| Untracked 
|   6|0x0000000700600000, 0x00000007006fffc8, 0x0000000700700000| 99%| O|  |TAMS 0x00000007006fffc8, 0x0000000700600000| Untracked 
|   7|0x0000000700700000, 0x00000007007ff4e8, 0x0000000700800000| 99%| O|  |TAMS 0x00000007007ff4e8, 0x0000000700700000| Untracked 
|   8|0x0000000700800000, 0x00000007008fffe0, 0x0000000700900000| 99%| O|  |TAMS 0x00000007008fffe0, 0x0000000700800000| Untracked 
|   9|0x0000000700900000, 0x00000007009fffc8, 0x0000000700a00000| 99%| O|  |TAMS 0x00000007009fffc8, 0x0000000700900000| Untracked 
|  10|0x0000000700a00000, 0x0000000700aefe00, 0x0000000700b00000| 93%| O|  |TAMS 0x0000000700aefe00, 0x0000000700a00000| Untracked 
|  11|0x0000000700b00000, 0x0000000700bfffe0, 0x0000000700c00000| 99%| O|  |TAMS 0x0000000700bfffe0, 0x0000000700b00000| Untracked 
|  12|0x0000000700c00000, 0x0000000700cc8190, 0x0000000700d00000| 78%| O|  |TAMS 0x0000000700cc8190, 0x0000000700c00000| Untracked 
|  13|0x0000000700d00000, 0x0000000700dffff8, 0x0000000700e00000| 99%| O|  |TAMS 0x0000000700dffff8, 0x0000000700d00000| Untracked 
|  14|0x0000000700e00000, 0x0000000700e44560, 0x0000000700f00000| 26%| O|  |TAMS 0x0000000700e44560, 0x0000000700e00000| Untracked 
|  15|0x0000000700f00000, 0x0000000700fef598, 0x0000000701000000| 93%| O|  |TAMS 0x0000000700fef598, 0x0000000700f00000| Untracked 
|  16|0x0000000701000000, 0x00000007010fadf0, 0x0000000701100000| 97%| O|  |TAMS 0x00000007010fadf0, 0x0000000701000000| Untracked 
|  17|0x0000000701100000, 0x0000000701200000, 0x0000000701200000|100%| O|  |TAMS 0x0000000701200000, 0x0000000701100000| Untracked 
|  18|0x0000000701200000, 0x00000007012df228, 0x0000000701300000| 87%| O|  |TAMS 0x00000007012df228, 0x0000000701200000| Untracked 
|  19|0x0000000701300000, 0x00000007013ff9d8, 0x0000000701400000| 99%| O|  |TAMS 0x00000007013ff9d8, 0x0000000701300000| Untracked 
|  20|0x0000000701400000, 0x000000070142df58, 0x0000000701500000| 17%| O|  |TAMS 0x000000070142df58, 0x0000000701400000| Untracked 
|  21|0x0000000701500000, 0x0000000701600000, 0x0000000701600000|100%| O|  |TAMS 0x0000000701600000, 0x0000000701500000| Untracked 
|  22|0x0000000701600000, 0x0000000701700000, 0x0000000701700000|100%| O|  |TAMS 0x0000000701700000, 0x0000000701600000| Untracked 
|  23|0x0000000701700000, 0x0000000701800000, 0x0000000701800000|100%| O|  |TAMS 0x0000000701800000, 0x0000000701700000| Untracked 
|  24|0x0000000701800000, 0x00000007018aee00, 0x0000000701900000| 68%| O|  |TAMS 0x00000007018aee00, 0x0000000701800000| Untracked 
|  25|0x0000000701900000, 0x0000000701a00000, 0x0000000701a00000|100%|HS|  |TAMS 0x0000000701900000, 0x0000000701900000| Complete 
|  26|0x0000000701a00000, 0x0000000701a00000, 0x0000000701b00000|  0%| F|  |TAMS 0x0000000701a00000, 0x0000000701a00000| Untracked 
|  27|0x0000000701b00000, 0x0000000701b00000, 0x0000000701c00000|  0%| F|  |TAMS 0x0000000701b00000, 0x0000000701b00000| Untracked 
|  28|0x0000000701c00000, 0x0000000701c00000, 0x0000000701d00000|  0%| F|  |TAMS 0x0000000701c00000, 0x0000000701c00000| Untracked 
|  29|0x0000000701d00000, 0x0000000701d00000, 0x0000000701e00000|  0%| F|  |TAMS 0x0000000701d00000, 0x0000000701d00000| Untracked 
|  30|0x0000000701e00000, 0x0000000701e00000, 0x0000000701f00000|  0%| F|  |TAMS 0x0000000701e00000, 0x0000000701e00000| Untracked 
|  31|0x0000000701f00000, 0x0000000701f00000, 0x0000000702000000|  0%| F|  |TAMS 0x0000000701f00000, 0x0000000701f00000| Untracked 
|  32|0x0000000702000000, 0x0000000702000000, 0x0000000702100000|  0%| F|  |TAMS 0x0000000702000000, 0x0000000702000000| Untracked 
|  33|0x0000000702100000, 0x0000000702100000, 0x0000000702200000|  0%| F|  |TAMS 0x0000000702100000, 0x0000000702100000| Untracked 
|  34|0x0000000702200000, 0x0000000702200000, 0x0000000702300000|  0%| F|  |TAMS 0x0000000702200000, 0x0000000702200000| Untracked 
|  35|0x0000000702300000, 0x0000000702300000, 0x0000000702400000|  0%| F|  |TAMS 0x0000000702300000, 0x0000000702300000| Untracked 
|  36|0x0000000702400000, 0x0000000702400000, 0x0000000702500000|  0%| F|  |TAMS 0x0000000702400000, 0x0000000702400000| Untracked 
|  37|0x0000000702500000, 0x0000000702500000, 0x0000000702600000|  0%| F|  |TAMS 0x0000000702500000, 0x0000000702500000| Untracked 
|  38|0x0000000702600000, 0x0000000702600000, 0x0000000702700000|  0%| F|  |TAMS 0x0000000702600000, 0x0000000702600000| Untracked 
|  39|0x0000000702700000, 0x0000000702700000, 0x0000000702800000|  0%| F|  |TAMS 0x0000000702700000, 0x0000000702700000| Untracked 
|  40|0x0000000702800000, 0x0000000702800000, 0x0000000702900000|  0%| F|  |TAMS 0x0000000702800000, 0x0000000702800000| Untracked 
|  41|0x0000000702900000, 0x0000000702900000, 0x0000000702a00000|  0%| F|  |TAMS 0x0000000702900000, 0x0000000702900000| Untracked 
|  42|0x0000000702a00000, 0x0000000702a00000, 0x0000000702b00000|  0%| F|  |TAMS 0x0000000702a00000, 0x0000000702a00000| Untracked 
|  43|0x0000000702b00000, 0x0000000702bffff0, 0x0000000702c00000| 99%| O|  |TAMS 0x0000000702bffff0, 0x0000000702b00000| Untracked 
|  44|0x0000000702c00000, 0x0000000702c00000, 0x0000000702d00000|  0%| F|  |TAMS 0x0000000702c00000, 0x0000000702c00000| Untracked 
|  45|0x0000000702d00000, 0x0000000702d4d190, 0x0000000702e00000| 30%| O|  |TAMS 0x0000000702d4d190, 0x0000000702d00000| Untracked 
|  46|0x0000000702e00000, 0x0000000702e00000, 0x0000000702f00000|  0%| F|  |TAMS 0x0000000702e00000, 0x0000000702e00000| Untracked 
|  47|0x0000000702f00000, 0x0000000702f00000, 0x0000000703000000|  0%| F|  |TAMS 0x0000000702f00000, 0x0000000702f00000| Untracked 
|  48|0x0000000703000000, 0x0000000703000000, 0x0000000703100000|  0%| F|  |TAMS 0x0000000703000000, 0x0000000703000000| Untracked 
|  49|0x0000000703100000, 0x0000000703100000, 0x0000000703200000|  0%| F|  |TAMS 0x0000000703100000, 0x0000000703100000| Untracked 
|  50|0x0000000703200000, 0x00000007032993a0, 0x0000000703300000| 59%| O|  |TAMS 0x00000007032993a0, 0x0000000703200000| Untracked 
|  51|0x0000000703300000, 0x00000007033ff708, 0x0000000703400000| 99%| O|  |TAMS 0x00000007033ff708, 0x0000000703300000| Untracked 
|  52|0x0000000703400000, 0x0000000703400000, 0x0000000703500000|  0%| F|  |TAMS 0x0000000703400000, 0x0000000703400000| Untracked 
|  53|0x0000000703500000, 0x0000000703500000, 0x0000000703600000|  0%| F|  |TAMS 0x0000000703500000, 0x0000000703500000| Untracked 
|  54|0x0000000703600000, 0x0000000703600000, 0x0000000703700000|  0%| F|  |TAMS 0x0000000703600000, 0x0000000703600000| Untracked 
|  55|0x0000000703700000, 0x00000007037992b8, 0x0000000703800000| 59%| O|  |TAMS 0x00000007037992b8, 0x0000000703700000| Untracked 
|  56|0x0000000703800000, 0x0000000703800000, 0x0000000703900000|  0%| F|  |TAMS 0x0000000703800000, 0x0000000703800000| Untracked 
|  57|0x0000000703900000, 0x0000000703900000, 0x0000000703a00000|  0%| F|  |TAMS 0x0000000703900000, 0x0000000703900000| Untracked 
|  58|0x0000000703a00000, 0x0000000703a00000, 0x0000000703b00000|  0%| F|  |TAMS 0x0000000703a00000, 0x0000000703a00000| Untracked 
|  59|0x0000000703b00000, 0x0000000703b00000, 0x0000000703c00000|  0%| F|  |TAMS 0x0000000703b00000, 0x0000000703b00000| Untracked 
|  60|0x0000000703c00000, 0x0000000703c00000, 0x0000000703d00000|  0%| F|  |TAMS 0x0000000703c00000, 0x0000000703c00000| Untracked 
|  61|0x0000000703d00000, 0x0000000703d00000, 0x0000000703e00000|  0%| F|  |TAMS 0x0000000703d00000, 0x0000000703d00000| Untracked 
|  62|0x0000000703e00000, 0x0000000703e00000, 0x0000000703f00000|  0%| F|  |TAMS 0x0000000703e00000, 0x0000000703e00000| Untracked 
|  63|0x0000000703f00000, 0x0000000703f00000, 0x0000000704000000|  0%| F|  |TAMS 0x0000000703f00000, 0x0000000703f00000| Untracked 
|  64|0x0000000704000000, 0x0000000704000000, 0x0000000704100000|  0%| F|  |TAMS 0x0000000704000000, 0x0000000704000000| Untracked 
|  65|0x0000000704100000, 0x0000000704100000, 0x0000000704200000|  0%| F|  |TAMS 0x0000000704100000, 0x0000000704100000| Untracked 
|  66|0x0000000704200000, 0x0000000704200000, 0x0000000704300000|  0%| F|  |TAMS 0x0000000704200000, 0x0000000704200000| Untracked 
|  67|0x0000000704300000, 0x0000000704300000, 0x0000000704400000|  0%| F|  |TAMS 0x0000000704300000, 0x0000000704300000| Untracked 
|  68|0x0000000704400000, 0x0000000704400000, 0x0000000704500000|  0%| F|  |TAMS 0x0000000704400000, 0x0000000704400000| Untracked 
|  69|0x0000000704500000, 0x0000000704500000, 0x0000000704600000|  0%| F|  |TAMS 0x0000000704500000, 0x0000000704500000| Untracked 
|  70|0x0000000704600000, 0x0000000704600000, 0x0000000704700000|  0%| F|  |TAMS 0x0000000704600000, 0x0000000704600000| Untracked 
|  71|0x0000000704700000, 0x0000000704700000, 0x0000000704800000|  0%| F|  |TAMS 0x0000000704700000, 0x0000000704700000| Untracked 
|  72|0x0000000704800000, 0x0000000704800000, 0x0000000704900000|  0%| F|  |TAMS 0x0000000704800000, 0x0000000704800000| Untracked 
|  73|0x0000000704900000, 0x0000000704900000, 0x0000000704a00000|  0%| F|  |TAMS 0x0000000704900000, 0x0000000704900000| Untracked 
|  74|0x0000000704a00000, 0x0000000704a00000, 0x0000000704b00000|  0%| F|  |TAMS 0x0000000704a00000, 0x0000000704a00000| Untracked 
|  75|0x0000000704b00000, 0x0000000704b00000, 0x0000000704c00000|  0%| F|  |TAMS 0x0000000704b00000, 0x0000000704b00000| Untracked 
|  76|0x0000000704c00000, 0x0000000704c00000, 0x0000000704d00000|  0%| F|  |TAMS 0x0000000704c00000, 0x0000000704c00000| Untracked 
|  77|0x0000000704d00000, 0x0000000704d00000, 0x0000000704e00000|  0%| F|  |TAMS 0x0000000704d00000, 0x0000000704d00000| Untracked 
|  78|0x0000000704e00000, 0x0000000704e03870, 0x0000000704f00000|  1%| S|CS|TAMS 0x0000000704e00000, 0x0000000704e00000| Complete 
|  79|0x0000000704f00000, 0x0000000705000000, 0x0000000705000000|100%|HS|  |TAMS 0x0000000704f00000, 0x0000000704f00000| Complete 
|  80|0x0000000705000000, 0x0000000705100000, 0x0000000705100000|100%|HC|  |TAMS 0x0000000705000000, 0x0000000705000000| Complete 
|  81|0x0000000705100000, 0x0000000705200000, 0x0000000705200000|100%|HC|  |TAMS 0x0000000705100000, 0x0000000705100000| Complete 
|  82|0x0000000705200000, 0x0000000705300000, 0x0000000705300000|100%|HC|  |TAMS 0x0000000705200000, 0x0000000705200000| Complete 
|  83|0x0000000705300000, 0x0000000705400000, 0x0000000705400000|100%|HC|  |TAMS 0x0000000705300000, 0x0000000705300000| Complete 
|  84|0x0000000705400000, 0x0000000705500000, 0x0000000705500000|100%|HC|  |TAMS 0x0000000705400000, 0x0000000705400000| Complete 
|  85|0x0000000705500000, 0x0000000705600000, 0x0000000705600000|100%|HC|  |TAMS 0x0000000705500000, 0x0000000705500000| Complete 
|  86|0x0000000705600000, 0x0000000705700000, 0x0000000705700000|100%|HC|  |TAMS 0x0000000705600000, 0x0000000705600000| Complete 
|  87|0x0000000705700000, 0x0000000705800000, 0x0000000705800000|100%|HC|  |TAMS 0x0000000705700000, 0x0000000705700000| Complete 
|  88|0x0000000705800000, 0x0000000705900000, 0x0000000705900000|100%|HC|  |TAMS 0x0000000705800000, 0x0000000705800000| Complete 
|  89|0x0000000705900000, 0x0000000705a00000, 0x0000000705a00000|100%|HC|  |TAMS 0x0000000705900000, 0x0000000705900000| Complete 
|  90|0x0000000705a00000, 0x0000000705b00000, 0x0000000705b00000|100%|HC|  |TAMS 0x0000000705a00000, 0x0000000705a00000| Complete 
|  91|0x0000000705b00000, 0x0000000705c00000, 0x0000000705c00000|100%|HC|  |TAMS 0x0000000705b00000, 0x0000000705b00000| Complete 
|  92|0x0000000705c00000, 0x0000000705d00000, 0x0000000705d00000|100%|HC|  |TAMS 0x0000000705c00000, 0x0000000705c00000| Complete 
|  93|0x0000000705d00000, 0x0000000705e00000, 0x0000000705e00000|100%|HC|  |TAMS 0x0000000705d00000, 0x0000000705d00000| Complete 
|  94|0x0000000705e00000, 0x0000000705f00000, 0x0000000705f00000|100%|HC|  |TAMS 0x0000000705e00000, 0x0000000705e00000| Complete 
|  95|0x0000000705f00000, 0x0000000706000000, 0x0000000706000000|100%|HC|  |TAMS 0x0000000705f00000, 0x0000000705f00000| Complete 
|  96|0x0000000706000000, 0x0000000706100000, 0x0000000706100000|100%|HC|  |TAMS 0x0000000706000000, 0x0000000706000000| Complete 
|  97|0x0000000706100000, 0x0000000706200000, 0x0000000706200000|100%|HC|  |TAMS 0x0000000706100000, 0x0000000706100000| Complete 
|  98|0x0000000706200000, 0x0000000706300000, 0x0000000706300000|100%|HC|  |TAMS 0x0000000706200000, 0x0000000706200000| Complete 
|  99|0x0000000706300000, 0x0000000706400000, 0x0000000706400000|100%|HC|  |TAMS 0x0000000706300000, 0x0000000706300000| Complete 
| 100|0x0000000706400000, 0x0000000706500000, 0x0000000706500000|100%|HC|  |TAMS 0x0000000706400000, 0x0000000706400000| Complete 
| 101|0x0000000706500000, 0x0000000706600000, 0x0000000706600000|100%|HC|  |TAMS 0x0000000706500000, 0x0000000706500000| Complete 
| 102|0x0000000706600000, 0x0000000706700000, 0x0000000706700000|100%|HC|  |TAMS 0x0000000706600000, 0x0000000706600000| Complete 
| 103|0x0000000706700000, 0x0000000706800000, 0x0000000706800000|100%|HC|  |TAMS 0x0000000706700000, 0x0000000706700000| Complete 
| 104|0x0000000706800000, 0x0000000706900000, 0x0000000706900000|100%|HC|  |TAMS 0x0000000706800000, 0x0000000706800000| Complete 
| 105|0x0000000706900000, 0x0000000706a00000, 0x0000000706a00000|100%|HC|  |TAMS 0x0000000706900000, 0x0000000706900000| Complete 
| 106|0x0000000706a00000, 0x0000000706a00000, 0x0000000706b00000|  0%| F|  |TAMS 0x0000000706a00000, 0x0000000706a00000| Untracked 
| 107|0x0000000706b00000, 0x0000000706b00000, 0x0000000706c00000|  0%| F|  |TAMS 0x0000000706b00000, 0x0000000706b00000| Untracked 
| 108|0x0000000706c00000, 0x0000000706c00000, 0x0000000706d00000|  0%| F|  |TAMS 0x0000000706c00000, 0x0000000706c00000| Untracked 
| 109|0x0000000706d00000, 0x0000000706d00000, 0x0000000706e00000|  0%| F|  |TAMS 0x0000000706d00000, 0x0000000706d00000| Untracked 
| 110|0x0000000706e00000, 0x0000000706e00000, 0x0000000706f00000|  0%| F|  |TAMS 0x0000000706e00000, 0x0000000706e00000| Untracked 
| 111|0x0000000706f00000, 0x0000000706f00000, 0x0000000707000000|  0%| F|  |TAMS 0x0000000706f00000, 0x0000000706f00000| Untracked 
| 112|0x0000000707000000, 0x0000000707000000, 0x0000000707100000|  0%| F|  |TAMS 0x0000000707000000, 0x0000000707000000| Untracked 
| 254|0x000000070fe00000, 0x000000070fe00000, 0x000000070ff00000|  0%| F|  |TAMS 0x000000070fe00000, 0x000000070fe00000| Untracked 
| 255|0x000000070ff00000, 0x000000070ff63d48, 0x0000000710000000| 38%| E|  |TAMS 0x000000070ff00000, 0x000000070ff00000| Complete 
|3070|0x00000007bfe00000, 0x00000007bfe52000, 0x00000007bff00000| 32%|OA|  |TAMS 0x00000007bfe52000, 0x00000007bfe00000| Untracked 
|3071|0x00000007bff00000, 0x00000007bff7c000, 0x00000007c0000000| 48%|CA|  |TAMS 0x00000007bff7c000, 0x00000007bff00000| Untracked 

Card table byte_map: [0x0000000108a0d000,0x000000010920d000] _byte_map_base: 0x000000010520d000

Marking Bits (Prev, Next): (CMBitMap*) 0x00007f8754043618, (CMBitMap*) 0x00007f8754043658
 Prev Bits: [0x0000000109a0d000, 0x000000010da0d000)
 Next Bits: [0x0000000126d0c000, 0x000000012ad0c000)

Polling page: 0x00000001051b4000

Metaspace:

Usage:
  Non-class:     22.58 MB capacity,    22.35 MB ( 99%) used,   175.96 KB ( <1%) free+waste,    57.50 KB ( <1%) overhead. 
      Class:      3.13 MB capacity,     2.91 MB ( 93%) used,   197.80 KB (  6%) free+waste,    28.75 KB ( <1%) overhead. 
       Both:     25.71 MB capacity,    25.26 MB ( 98%) used,   373.76 KB (  1%) free+waste,    86.25 KB ( <1%) overhead. 

Virtual space:
  Non-class space:       24.00 MB reserved,      22.92 MB ( 96%) committed 
      Class space:        1.00 GB reserved,       3.25 MB ( <1%) committed 
             Both:        1.02 GB reserved,      26.17 MB (  2%) committed 

Chunk freelists:
   Non-Class:  327.00 KB
       Class:  23.00 KB
        Both:  350.00 KB

MaxMetaspaceSize: unlimited
CompressedClassSpaceSize: 1.00 GB

CodeHeap 'non-profiled nmethods': size=119168Kb used=4828Kb max_used=5170Kb free=114340Kb
 bounds [0x000000011f8ac000, 0x000000011fdcc000, 0x0000000126d0c000]
CodeHeap 'profiled nmethods': size=119164Kb used=12070Kb max_used=13271Kb free=107093Kb
 bounds [0x000000011844d000, 0x000000011914d000, 0x000000011f8ac000]
CodeHeap 'non-nmethods': size=7428Kb used=1463Kb max_used=3179Kb free=5964Kb
 bounds [0x0000000117d0c000, 0x000000011809c000, 0x000000011844d000]
 total_blobs=10613 nmethods=5367 adapters=704
 compilation: enabled
              stopped_count=0, restarted_count=0
 full_count=0

Compilation events (20 events):
Event: 7579.630 Thread 0x00007f8754134800 7075 %     3       java.awt.EventDispatchThread::pumpEventsForFilter @ 10 (47 bytes)
Event: 7579.631 Thread 0x00007f8754134800 nmethod 7075% 0x0000000118784b90 code [0x0000000118784d80, 0x00000001187852f0]
Event: 7647.936 Thread 0x00007f8754134800 7076       3       java.awt.EventDispatchThread::pumpEventsForFilter (47 bytes)
Event: 7647.937 Thread 0x00007f8754134800 nmethod 7076 0x00000001187dd410 code [0x00000001187dd5e0, 0x00000001187ddab0]
Event: 8457.390 Thread 0x00007f875580c000 7077   !   4       java.awt.KeyboardFocusManager::processCurrentLightweightRequests (345 bytes)
Event: 8457.397 Thread 0x00007f875580c000 nmethod 7077 0x000000011f968d10 code [0x000000011f968fc0, 0x000000011f969938]
Event: 8457.441 Thread 0x00007f8754134800 7078   !   3       sun.java2d.SunGraphics2D::copyImage (107 bytes)
Event: 8457.442 Thread 0x00007f8754134800 nmethod 7078 0x0000000118475790 code [0x00000001184759a0, 0x0000000118476280]
Event: 8457.442 Thread 0x00007f8754134800 7079       3       sun.java2d.pipe.DrawImage::copyImage (91 bytes)
Event: 8457.443 Thread 0x00007f8754134800 nmethod 7079 0x0000000118c73e10 code [0x0000000118c74020, 0x0000000118c74960]
Event: 8457.443 Thread 0x00007f8754134800 7080       3       sun.java2d.pipe.DrawImage::copyImage (74 bytes)
Event: 8457.443 Thread 0x00007f8754134800 nmethod 7080 0x0000000118924d90 code [0x0000000118924f40, 0x0000000118925410]
Event: 8458.409 Thread 0x00007f8754134800 7081       3       sun.java2d.SunGraphics2D::drawHiDPIImage (532 bytes)
Event: 8458.412 Thread 0x00007f8754134800 nmethod 7081 0x0000000118ae4a10 code [0x0000000118ae5040, 0x0000000118ae7830]
Event: 8458.420 Thread 0x00007f875580c000 7082       4       sun.java2d.pipe.BufferedContext::validate (575 bytes)
Event: 8458.478 Thread 0x00007f8754134800 7083       3       sun.java2d.opengl.OGLSurfaceData::validatePipe (362 bytes)
Event: 8458.479 Thread 0x00007f8754134800 nmethod 7083 0x0000000118639610 code [0x00000001186398c0, 0x000000011863ab00]
Event: 8458.501 Thread 0x00007f875580c000 nmethod 7082 0x000000011fb79510 code [0x000000011fb79ce0, 0x000000011fb7d778]
Event: 8458.572 Thread 0x00007f8754134800 7084       1       sun.awt.NullComponentPeer::updateGraphicsData (2 bytes)
Event: 8458.572 Thread 0x00007f8754134800 nmethod 7084 0x000000011f97db90 code [0x000000011f97dd20, 0x000000011f97ddf0]

GC Heap History (20 events):
Event: 8085.827 GC heap before
{Heap before GC invocations=114 (full 1):
 garbage-first heap   total 92160K, used 75719K [0x0000000700000000, 0x0000000800000000)
  region size 1024K, 48 young (49152K), 1 survivors (1024K)
 Metaspace       used 25853K, capacity 26322K, committed 26800K, reserved 1073152K
  class space    used 2976K, capacity 3205K, committed 3328K, reserved 1048576K
}
Event: 8085.827 GC heap after
{Heap after GC invocations=115 (full 1):
 garbage-first heap   total 92160K, used 27591K [0x0000000700000000, 0x0000000800000000)
  region size 1024K, 1 young (1024K), 1 survivors (1024K)
 Metaspace       used 25853K, capacity 26322K, committed 26800K, reserved 1073152K
  class space    used 2976K, capacity 3205K, committed 3328K, reserved 1048576K
}
Event: 8131.531 GC heap before
{Heap before GC invocations=115 (full 1):
 garbage-first heap   total 92160K, used 75719K [0x0000000700000000, 0x0000000800000000)
  region size 1024K, 48 young (49152K), 1 survivors (1024K)
 Metaspace       used 25853K, capacity 26322K, committed 26800K, reserved 1073152K
  class space    used 2976K, capacity 3205K, committed 3328K, reserved 1048576K
}
Event: 8131.531 GC heap after
{Heap after GC invocations=116 (full 1):
 garbage-first heap   total 92160K, used 27591K [0x0000000700000000, 0x0000000800000000)
  region size 1024K, 1 young (1024K), 1 survivors (1024K)
 Metaspace       used 25853K, capacity 26322K, committed 26800K, reserved 1073152K
  class space    used 2976K, capacity 3205K, committed 3328K, reserved 1048576K
}
Event: 8177.157 GC heap before
{Heap before GC invocations=116 (full 1):
 garbage-first heap   total 92160K, used 75719K [0x0000000700000000, 0x0000000800000000)
  region size 1024K, 48 young (49152K), 1 survivors (1024K)
 Metaspace       used 25853K, capacity 26322K, committed 26800K, reserved 1073152K
  class space    used 2976K, capacity 3205K, committed 3328K, reserved 1048576K
}
Event: 8177.158 GC heap after
{Heap after GC invocations=117 (full 1):
 garbage-first heap   total 92160K, used 27589K [0x0000000700000000, 0x0000000800000000)
  region size 1024K, 1 young (1024K), 1 survivors (1024K)
 Metaspace       used 25853K, capacity 26322K, committed 26800K, reserved 1073152K
  class space    used 2976K, capacity 3205K, committed 3328K, reserved 1048576K
}
Event: 8222.790 GC heap before
{Heap before GC invocations=117 (full 1):
 garbage-first heap   total 92160K, used 75717K [0x0000000700000000, 0x0000000800000000)
  region size 1024K, 48 young (49152K), 1 survivors (1024K)
 Metaspace       used 25853K, capacity 26322K, committed 26800K, reserved 1073152K
  class space    used 2976K, capacity 3205K, committed 3328K, reserved 1048576K
}
Event: 8222.791 GC heap after
{Heap after GC invocations=118 (full 1):
 garbage-first heap   total 92160K, used 27587K [0x0000000700000000, 0x0000000800000000)
  region size 1024K, 1 young (1024K), 1 survivors (1024K)
 Metaspace       used 25853K, capacity 26322K, committed 26800K, reserved 1073152K
  class space    used 2976K, capacity 3205K, committed 3328K, reserved 1048576K
}
Event: 8268.168 GC heap before
{Heap before GC invocations=118 (full 1):
 garbage-first heap   total 92160K, used 75715K [0x0000000700000000, 0x0000000800000000)
  region size 1024K, 48 young (49152K), 1 survivors (1024K)
 Metaspace       used 25853K, capacity 26322K, committed 26800K, reserved 1073152K
  class space    used 2976K, capacity 3205K, committed 3328K, reserved 1048576K
}
Event: 8268.168 GC heap after
{Heap after GC invocations=119 (full 1):
 garbage-first heap   total 92160K, used 27589K [0x0000000700000000, 0x0000000800000000)
  region size 1024K, 1 young (1024K), 1 survivors (1024K)
 Metaspace       used 25853K, capacity 26322K, committed 26800K, reserved 1073152K
  class space    used 2976K, capacity 3205K, committed 3328K, reserved 1048576K
}
Event: 8313.725 GC heap before
{Heap before GC invocations=119 (full 1):
 garbage-first heap   total 92160K, used 75717K [0x0000000700000000, 0x0000000800000000)
  region size 1024K, 48 young (49152K), 1 survivors (1024K)
 Metaspace       used 25853K, capacity 26322K, committed 26800K, reserved 1073152K
  class space    used 2976K, capacity 3205K, committed 3328K, reserved 1048576K
}
Event: 8313.726 GC heap after
{Heap after GC invocations=120 (full 1):
 garbage-first heap   total 92160K, used 27589K [0x0000000700000000, 0x0000000800000000)
  region size 1024K, 1 young (1024K), 1 survivors (1024K)
 Metaspace       used 25853K, capacity 26322K, committed 26800K, reserved 1073152K
  class space    used 2976K, capacity 3205K, committed 3328K, reserved 1048576K
}
Event: 8359.399 GC heap before
{Heap before GC invocations=120 (full 1):
 garbage-first heap   total 92160K, used 75717K [0x0000000700000000, 0x0000000800000000)
  region size 1024K, 48 young (49152K), 1 survivors (1024K)
 Metaspace       used 25853K, capacity 26322K, committed 26800K, reserved 1073152K
  class space    used 2976K, capacity 3205K, committed 3328K, reserved 1048576K
}
Event: 8359.399 GC heap after
{Heap after GC invocations=121 (full 1):
 garbage-first heap   total 92160K, used 27589K [0x0000000700000000, 0x0000000800000000)
  region size 1024K, 1 young (1024K), 1 survivors (1024K)
 Metaspace       used 25853K, capacity 26322K, committed 26800K, reserved 1073152K
  class space    used 2976K, capacity 3205K, committed 3328K, reserved 1048576K
}
Event: 8404.781 GC heap before
{Heap before GC invocations=121 (full 1):
 garbage-first heap   total 92160K, used 75717K [0x0000000700000000, 0x0000000800000000)
  region size 1024K, 48 young (49152K), 1 survivors (1024K)
 Metaspace       used 25853K, capacity 26322K, committed 26800K, reserved 1073152K
  class space    used 2976K, capacity 3205K, committed 3328K, reserved 1048576K
}
Event: 8404.782 GC heap after
{Heap after GC invocations=122 (full 1):
 garbage-first heap   total 92160K, used 27591K [0x0000000700000000, 0x0000000800000000)
  region size 1024K, 1 young (1024K), 1 survivors (1024K)
 Metaspace       used 25853K, capacity 26322K, committed 26800K, reserved 1073152K
  class space    used 2976K, capacity 3205K, committed 3328K, reserved 1048576K
}
Event: 8450.317 GC heap before
{Heap before GC invocations=122 (full 1):
 garbage-first heap   total 92160K, used 75719K [0x0000000700000000, 0x0000000800000000)
  region size 1024K, 48 young (49152K), 1 survivors (1024K)
 Metaspace       used 25853K, capacity 26322K, committed 26800K, reserved 1073152K
  class space    used 2976K, capacity 3205K, committed 3328K, reserved 1048576K
}
Event: 8450.317 GC heap after
{Heap after GC invocations=123 (full 1):
 garbage-first heap   total 92160K, used 27587K [0x0000000700000000, 0x0000000800000000)
  region size 1024K, 1 young (1024K), 1 survivors (1024K)
 Metaspace       used 25853K, capacity 26322K, committed 26800K, reserved 1073152K
  class space    used 2976K, capacity 3205K, committed 3328K, reserved 1048576K
}
Event: 8458.543 GC heap before
{Heap before GC invocations=123 (full 1):
 garbage-first heap   total 92160K, used 35779K [0x0000000700000000, 0x0000000800000000)
  region size 1024K, 10 young (10240K), 1 survivors (1024K)
 Metaspace       used 25857K, capacity 26322K, committed 26800K, reserved 1073152K
  class space    used 2977K, capacity 3205K, committed 3328K, reserved 1048576K
}
Event: 8458.543 GC heap after
{Heap after GC invocations=124 (full 1):
 garbage-first heap   total 92160K, used 27591K [0x0000000700000000, 0x0000000800000000)
  region size 1024K, 1 young (1024K), 1 survivors (1024K)
 Metaspace       used 25857K, capacity 26322K, committed 26800K, reserved 1073152K
  class space    used 2977K, capacity 3205K, committed 3328K, reserved 1048576K
}

Deoptimization events (20 events):
Event: 8457.392 Thread 0x00007f8754900000 Uncommon trap: trap_request=0xffffff45 fr.pc=0x000000011fbdf2ec relative=0x0000000000001c4c
Event: 8457.392 Thread 0x00007f8754900000 Uncommon trap: reason=unstable_if action=reinterpret pc=0x000000011fbdf2ec method=sun.java2d.pipe.DrawImage.scaleImage(Lsun/java2d/SunGraphics2D;Ljava/awt/Image;IIIIIIIILjava/awt/Color;)Z @ 251 c2
Event: 8457.392 Thread 0x00007f8754900000 DEOPT PACKING pc=0x000000011fbdf2ec sp=0x000070000ed2e1e0
Event: 8457.392 Thread 0x00007f8754900000 DEOPT UNPACKING pc=0x0000000117d54e25 sp=0x000070000ed2e118 mode 2
Event: 8457.405 Thread 0x00007f87608fc800 Uncommon trap: trap_request=0xffffff45 fr.pc=0x000000011fa31db8 relative=0x00000000000008d8
Event: 8457.405 Thread 0x00007f87608fc800 Uncommon trap: reason=unstable_if action=reinterpret pc=0x000000011fa31db8 method=sun.java2d.opengl.CGLVolatileSurfaceManager.isConfigValid(Ljava/awt/GraphicsConfiguration;)Z @ 12 c2
Event: 8457.405 Thread 0x00007f87608fc800 DEOPT PACKING pc=0x000000011fa31db8 sp=0x000070000e5877f0
Event: 8457.405 Thread 0x00007f87608fc800 DEOPT UNPACKING pc=0x0000000117d54e25 sp=0x000070000e587608 mode 2
Event: 8458.542 Thread 0x00007f87548c6000 Uncommon trap: trap_request=0xffffffde fr.pc=0x000000011fda9d60 relative=0x0000000000000b20
Event: 8458.542 Thread 0x00007f87548c6000 Uncommon trap: reason=class_check action=maybe_recompile pc=0x000000011fda9d60 method=java.util.HashMap.removeNode(ILjava/lang/Object;Ljava/lang/Object;ZZ)Ljava/util/HashMap$Node; @ 68 c2
Event: 8458.542 Thread 0x00007f87548c6000 DEOPT PACKING pc=0x000000011fda9d60 sp=0x00007ffeeaac58d0
Event: 8458.542 Thread 0x00007f87548c6000 DEOPT UNPACKING pc=0x0000000117d54e25 sp=0x00007ffeeaac5868 mode 2
Event: 8458.572 Thread 0x00007f8754900000 Uncommon trap: trap_request=0xffffff45 fr.pc=0x000000011fd9c070 relative=0x0000000000000250
Event: 8458.572 Thread 0x00007f8754900000 Uncommon trap: reason=unstable_if action=reinterpret pc=0x000000011fd9c070 method=sun.awt.AppContext.getSoftReferenceValue(Ljava/lang/Object;Ljava/util/function/Supplier;)Ljava/lang/Object; @ 25 c2
Event: 8458.572 Thread 0x00007f8754900000 DEOPT PACKING pc=0x000000011fd9c070 sp=0x000070000ed2dc00
Event: 8458.572 Thread 0x00007f8754900000 DEOPT UNPACKING pc=0x0000000117d54e25 sp=0x000070000ed2dba8 mode 2
Event: 8458.575 Thread 0x00007f8754900000 Uncommon trap: trap_request=0xffffffde fr.pc=0x000000011f907008 relative=0x0000000000000c08
Event: 8458.575 Thread 0x00007f8754900000 Uncommon trap: reason=class_check action=maybe_recompile pc=0x000000011f907008 method=sun.java2d.pipe.DrawImage.copyImage(Lsun/java2d/SunGraphics2D;Ljava/awt/Image;IILjava/awt/Color;)Z @ 2 c2
Event: 8458.575 Thread 0x00007f8754900000 DEOPT PACKING pc=0x000000011f907008 sp=0x000070000ed2dca0
Event: 8458.575 Thread 0x00007f8754900000 DEOPT UNPACKING pc=0x0000000117d54e25 sp=0x000070000ed2dad0 mode 2

Classes unloaded (20 events):
Event: 4685.811 Thread 0x00007f8754129800 Unloading class 0x0000000800b9d040 'java/lang/invoke/LambdaForm$MH'
Event: 4685.811 Thread 0x00007f8754129800 Unloading class 0x0000000800b9ec40 'java/lang/invoke/LambdaForm$MH'
Event: 4685.811 Thread 0x00007f8754129800 Unloading class 0x0000000800b9e840 'java/lang/invoke/LambdaForm$MH'
Event: 4685.811 Thread 0x00007f8754129800 Unloading class 0x0000000800b9f040 'java/lang/invoke/LambdaForm$MH'
Event: 4685.811 Thread 0x00007f8754129800 Unloading class 0x0000000800b9fc40 'java/lang/invoke/LambdaForm$MH'
Event: 4685.811 Thread 0x00007f8754129800 Unloading class 0x0000000800b7a440 'java/lang/invoke/LambdaForm$MH'
Event: 4685.811 Thread 0x00007f8754129800 Unloading class 0x0000000800b7a040 'java/lang/invoke/LambdaForm$MH'
Event: 4685.811 Thread 0x00007f8754129800 Unloading class 0x0000000800b7ac40 'java/lang/invoke/LambdaForm$MH'
Event: 4685.811 Thread 0x00007f8754129800 Unloading class 0x0000000800b7a840 'java/lang/invoke/LambdaForm$MH'
Event: 4685.811 Thread 0x00007f8754129800 Unloading class 0x0000000800b7b440 'java/lang/invoke/LambdaForm$MH'
Event: 4685.811 Thread 0x00007f8754129800 Unloading class 0x0000000800b7b040 'java/lang/invoke/LambdaForm$MH'
Event: 4685.811 Thread 0x00007f8754129800 Unloading class 0x0000000800b7bc40 'java/lang/invoke/LambdaForm$MH'
Event: 4685.811 Thread 0x00007f8754129800 Unloading class 0x0000000800b7b840 'java/lang/invoke/LambdaForm$MH'
Event: 4685.811 Thread 0x00007f8754129800 Unloading class 0x0000000800b7c040 'java/lang/invoke/LambdaForm$MH'
Event: 4685.811 Thread 0x00007f8754129800 Unloading class 0x0000000800b7c840 'java/lang/invoke/LambdaForm$MH'
Event: 4685.811 Thread 0x00007f8754129800 Unloading class 0x0000000800b7d440 'java/lang/invoke/LambdaForm$MH'
Event: 4685.811 Thread 0x00007f8754129800 Unloading class 0x0000000800b7d040 'java/lang/invoke/LambdaForm$MH'
Event: 4685.811 Thread 0x00007f8754129800 Unloading class 0x0000000800b7dc40 'java/lang/invoke/LambdaForm$MH'
Event: 4685.811 Thread 0x00007f8754129800 Unloading class 0x0000000800b7e440 'java/lang/invoke/LambdaForm$MH'
Event: 4685.811 Thread 0x00007f8754129800 Unloading class 0x0000000800b7e040 'java/lang/invoke/LambdaForm$MH'

Classes redefined (0 events):
No events

Internal exceptions (20 events):
Event: 188.237 Thread 0x00007f8753874800 Exception <a 'java/lang/InterruptedException'{0x00000007096b3908}> (0x00000007096b3908) 
thrown [./src/hotspot/share/runtime/objectMonitor.cpp, line 1415]
Event: 188.277 Thread 0x00007f87549af800 Implicit null exception at 0x000000011f9cf5a7 to 0x000000011f9cfd20
Event: 239.903 Thread 0x00007f8754900000 Implicit null exception at 0x000000011fa778dc to 0x000000011fa77954
Event: 239.937 Thread 0x00007f8754900000 Implicit null exception at 0x000000011f9cb066 to 0x000000011f9cb29a
Event: 240.006 Thread 0x00007f8754900000 Implicit null exception at 0x000000011f9de95c to 0x000000011f9dfecc
Event: 240.016 Thread 0x00007f87548c6000 Implicit null exception at 0x000000011fa788a3 to 0x000000011fa7a6fc
Event: 240.039 Thread 0x00007f8754900000 Implicit null exception at 0x000000011f9ca88b to 0x000000011f9cac26
Event: 4685.657 Thread 0x00007f8754900000 Exception <a 'java/lang/NoSuchMethodError'{0x00000007073e8488}: 'int java.lang.invoke.DirectMethodHandle$Holder.invokeSpecialIFC(java.lang.Object, java.lang.Object, int)'> (0x00000007073e8488) 
thrown [./src/hotspot/share/interpreter/linkResolver.cpp, line 766]
Event: 4685.716 Thread 0x00007f8754900000 Exception <a 'java/lang/NoSuchMethodError'{0x00000007071533c0}: 'java.lang.Object java.lang.invoke.DirectMethodHandle$Holder.invokeStatic(java.lang.Object, java.lang.Object, int, int, int, int)'> (0x00000007071533c0) 
thrown [./src/hotspot/share/interpreter/linkResolver.cpp, line 766]
Event: 4685.763 Thread 0x00007f8754900000 Implicit null exception at 0x000000011fbb49f7 to 0x000000011fbb8200
Event: 4685.841 Thread 0x00007f8754900000 Exception <a 'java/io/FileNotFoundException'{0x0000000705085d60}> (0x0000000705085d60) 
thrown [./src/hotspot/share/prims/jni.cpp, line 599]
Event: 4685.841 Thread 0x00007f8754900000 Exception <a 'java/io/FileNotFoundException'{0x00000007050866b0}> (0x00000007050866b0) 
thrown [./src/hotspot/share/prims/jni.cpp, line 599]
Event: 4685.841 Thread 0x00007f8754900000 Exception <a 'java/io/FileNotFoundException'{0x0000000705086ed0}> (0x0000000705086ed0) 
thrown [./src/hotspot/share/prims/jni.cpp, line 599]
Event: 4685.907 Thread 0x00007f8754a35800 Exception <a 'java/io/FileNotFoundException'{0x0000000704e0a690}> (0x0000000704e0a690) 
thrown [./src/hotspot/share/prims/jni.cpp, line 599]
Event: 4690.350 Thread 0x00007f8754900000 Exception <a 'java/lang/NoSuchMethodError'{0x000000070358e158}: 'java.lang.Object java.lang.invoke.DirectMethodHandle$Holder.invokeStatic(java.lang.Object, int, java.lang.Object, java.lang.Object)'> (0x000000070358e158) 
thrown [./src/hotspot/share/interpreter/linkResolver.cpp, line 766]
Event: 4690.350 Thread 0x00007f8754900000 Exception <a 'java/lang/NoSuchMethodError'{0x0000000703591a40}: 'java.lang.Object java.lang.invoke.DirectMethodHandle$Holder.invokeSpecial(java.lang.Object, java.lang.Object, int, java.lang.Object, java.lang.Object)'> (0x0000000703591a40) 
thrown [./src/hotspot/share/interpreter/linkResolver.cpp, line 766]
Event: 4690.350 Thread 0x00007f8754900000 Exception <a 'java/lang/NoSuchMethodError'{0x0000000703594bb8}: 'java.lang.Object java.lang.invoke.Invokers$Holder.linkToTargetMethod(int, java.lang.Object, java.lang.Object, java.lang.Object)'> (0x0000000703594bb8) 
thrown [./src/hotspot/share/interpreter/linkResolver.cpp, line 766]
Event: 4709.854 Thread 0x00007f8754900000 Implicit null exception at 0x000000011faca13d to 0x000000011facad44
Event: 5797.156 Thread 0x00007f87608fc800 Implicit null exception at 0x000000011fb9027c to 0x000000011fb92524
Event: 8457.379 Thread 0x00007f87548c6000 Implicit null exception at 0x000000011f9a5b58 to 0x000000011f9a8c2c

Events (20 events):
Event: 8404.781 Executing VM operation: G1CollectForAllocation
Event: 8404.782 Executing VM operation: G1CollectForAllocation done
Event: 8450.317 Executing VM operation: G1CollectForAllocation
Event: 8450.317 Executing VM operation: G1CollectForAllocation done
Event: 8457.379 loading class sun/lwawt/LWWindowPeer$1
Event: 8457.379 loading class sun/lwawt/LWWindowPeer$1 done
Event: 8457.397 Executing VM operation: HandshakeAllThreads
Event: 8457.397 Executing VM operation: HandshakeAllThreads done
Event: 8458.542 Executing VM operation: G1TryInitiateConcMark
Event: 8458.543 Executing VM operation: G1TryInitiateConcMark done
Event: 8458.554 Executing VM operation: G1Concurrent
Event: 8458.557 Executing VM operation: G1Concurrent done
Event: 8458.559 loading class java/util/IdentityHashMap$ValueIterator
Event: 8458.560 loading class java/util/IdentityHashMap$ValueIterator done
Event: 8458.561 Executing VM operation: HandshakeAllThreads
Event: 8458.561 Executing VM operation: HandshakeAllThreads done
Event: 8458.561 loading class javax/swing/RepaintManager$DisplayChangedRunnable
Event: 8458.561 loading class javax/swing/RepaintManager$DisplayChangedRunnable done
Event: 8458.563 Executing VM operation: G1Concurrent
Event: 8458.563 Executing VM operation: G1Concurrent done


Dynamic libraries:
0x00007fff6d9d5000 	/usr/lib/libz.1.dylib
0x0000000105141000 	/usr/local/Cellar/openjdk/14.0.1/libexec/openjdk.jdk/Contents/Home/lib/libjli.dylib
0x00007fff334ef000 	/System/Library/Frameworks/Cocoa.framework/Versions/A/Cocoa
0x00007fff40cf8000 	/System/Library/Frameworks/Security.framework/Versions/A/Security
0x00007fff32454000 	/System/Library/Frameworks/ApplicationServices.framework/Versions/A/ApplicationServices
0x00007fff6b499000 	/usr/lib/libSystem.B.dylib
0x00007fff6e296000 	/usr/lib/system/libcache.dylib
0x00007fff6e29c000 	/usr/lib/system/libcommonCrypto.dylib
0x00007fff6e2a8000 	/usr/lib/system/libcompiler_rt.dylib
0x00007fff6e2b0000 	/usr/lib/system/libcopyfile.dylib
0x00007fff6e2ba000 	/usr/lib/system/libcorecrypto.dylib
0x00007fff6e459000 	/usr/lib/system/libdispatch.dylib
0x00007fff6e49a000 	/usr/lib/system/libdyld.dylib
0x00007fff6e4d1000 	/usr/lib/system/libkeymgr.dylib
0x00007fff6e4df000 	/usr/lib/system/liblaunch.dylib
0x00007fff6e4e0000 	/usr/lib/system/libmacho.dylib
0x00007fff6e4e6000 	/usr/lib/system/libquarantine.dylib
0x00007fff6e4e9000 	/usr/lib/system/libremovefile.dylib
0x00007fff6e4eb000 	/usr/lib/system/libsystem_asl.dylib
0x00007fff6e503000 	/usr/lib/system/libsystem_blocks.dylib
0x00007fff6e504000 	/usr/lib/system/libsystem_c.dylib
0x00007fff6e58c000 	/usr/lib/system/libsystem_configuration.dylib
0x00007fff6e590000 	/usr/lib/system/libsystem_coreservices.dylib
0x00007fff6e594000 	/usr/lib/system/libsystem_darwin.dylib
0x00007fff6e59d000 	/usr/lib/system/libsystem_dnssd.dylib
0x00007fff6e5a5000 	/usr/lib/system/libsystem_featureflags.dylib
0x00007fff6e5a7000 	/usr/lib/system/libsystem_info.dylib
0x00007fff6e622000 	/usr/lib/system/libsystem_m.dylib
0x00007fff6e66a000 	/usr/lib/system/libsystem_malloc.dylib
0x00007fff6e692000 	/usr/lib/system/libsystem_networkextension.dylib
0x00007fff6e6a0000 	/usr/lib/system/libsystem_notify.dylib
0x00007fff6e6be000 	/usr/lib/system/libsystem_sandbox.dylib
0x00007fff6e6c3000 	/usr/lib/system/libsystem_secinit.dylib
0x00007fff6e5f5000 	/usr/lib/system/libsystem_kernel.dylib
0x00007fff6e6aa000 	/usr/lib/system/libsystem_platform.dylib
0x00007fff6e6b3000 	/usr/lib/system/libsystem_pthread.dylib
0x00007fff6e6c6000 	/usr/lib/system/libsystem_symptoms.dylib
0x00007fff6e6ce000 	/usr/lib/system/libsystem_trace.dylib
0x00007fff6e6e6000 	/usr/lib/system/libunwind.dylib
0x00007fff6e6ec000 	/usr/lib/system/libxpc.dylib
0x00007fff6d2f9000 	/usr/lib/libobjc.A.dylib
0x00007fff6b7d2000 	/usr/lib/libc++abi.dylib
0x00007fff6b77f000 	/usr/lib/libc++.1.dylib
0x00007fff34391000 	/System/Library/Frameworks/CoreFoundation.framework/Versions/A/CoreFoundation
0x00007fff36a4e000 	/System/Library/Frameworks/Foundation.framework/Versions/C/Foundation
0x00007fff31644000 	/System/Library/Frameworks/AppKit.framework/Versions/C/AppKit
0x00007fff33e73000 	/System/Library/Frameworks/CoreData.framework/Versions/A/CoreData
0x00007fff65494000 	/System/Library/PrivateFrameworks/UIFoundation.framework/Versions/A/UIFoundation
0x00007fff60528000 	/System/Library/PrivateFrameworks/RemoteViewServices.framework/Versions/A/RemoteViewServices
0x00007fff68009000 	/System/Library/PrivateFrameworks/XCTTargetBootstrap.framework/Versions/A/XCTTargetBootstrap
0x00007fff3425e000 	/System/Library/Frameworks/CoreDisplay.framework/Versions/A/CoreDisplay
0x00007fff39908000 	/System/Library/Frameworks/Metal.framework/Versions/A/Metal
0x00007fff4e510000 	/System/Library/PrivateFrameworks/DesktopServicesPriv.framework/Versions/A/DesktopServicesPriv
0x00007fff6c5d4000 	/usr/lib/liblangid.dylib
0x00007fff4d7a5000 	/System/Library/PrivateFrameworks/CoreSVG.framework/Versions/A/CoreSVG
0x00007fff63684000 	/System/Library/PrivateFrameworks/SkyLight.framework/Versions/A/SkyLight
0x00007fff34812000 	/System/Library/Frameworks/CoreGraphics.framework/Versions/A/CoreGraphics
0x00007fff30018000 	/System/Library/Frameworks/Accelerate.framework/Versions/A/Accelerate
0x00007fff6d8c6000 	/usr/lib/libxml2.2.dylib
0x00007fff594b2000 	/System/Library/PrivateFrameworks/IconServices.framework/Versions/A/IconServices
0x00007fff3722d000 	/System/Library/Frameworks/IOSurface.framework/Versions/A/IOSurface
0x00007fff6afc3000 	/usr/lib/libDiagnosticMessagesClient.dylib
0x00007fff4e36a000 	/System/Library/PrivateFrameworks/DFRFoundation.framework/Versions/A/DFRFoundation
0x00007fff6c363000 	/usr/lib/libicucore.A.dylib
0x00007fff32786000 	/System/Library/Frameworks/AudioToolbox.framework/Versions/A/AudioToolbox
0x00007fff32869000 	/System/Library/Frameworks/AudioUnit.framework/Versions/A/AudioUnit
0x00007fff6b69b000 	/usr/lib/libauto.dylib
0x00007fff4e40c000 	/System/Library/PrivateFrameworks/DataDetectorsCore.framework/Versions/A/DataDetectorsCore
0x00007fff33010000 	/System/Library/Frameworks/Carbon.framework/Versions/A/Frameworks/HIToolbox.framework/Versions/A/HIToolbox
0x00007fff3fef2000 	/System/Library/Frameworks/QuartzCore.framework/Versions/A/QuartzCore
0x00007fff3334f000 	/System/Library/Frameworks/Carbon.framework/Versions/A/Frameworks/SpeechRecognition.framework/Versions/A/SpeechRecognition
0x00007fff4de7e000 	/System/Library/PrivateFrameworks/CoreUI.framework/Versions/A/CoreUI
0x00007fff338de000 	/System/Library/Frameworks/CoreAudio.framework/Versions/A/CoreAudio
0x00007fff3670d000 	/System/Library/Frameworks/DiskArbitration.framework/Versions/A/DiskArbitration
0x00007fff5b502000 	/System/Library/PrivateFrameworks/MultitouchSupport.framework/Versions/A/MultitouchSupport
0x00007fff6c22a000 	/usr/lib/libenergytrace.dylib
0x00007fff37187000 	/System/Library/Frameworks/IOKit.framework/Versions/A/IOKit
0x00007fff35779000 	/System/Library/Frameworks/CoreServices.framework/Versions/A/CoreServices
0x00007fff5d6bb000 	/System/Library/PrivateFrameworks/PerformanceAnalysis.framework/Versions/A/PerformanceAnalysis
0x00007fff3ef25000 	/System/Library/Frameworks/OpenGL.framework/Versions/A/OpenGL
0x00007fff334fd000 	/System/Library/Frameworks/ColorSync.framework/Versions/A/ColorSync
0x00007fff34e95000 	/System/Library/Frameworks/CoreImage.framework/Versions/A/CoreImage
0x00007fff361ec000 	/System/Library/Frameworks/CoreText.framework/Versions/A/CoreText
0x00007fff372bd000 	/System/Library/Frameworks/ImageIO.framework/Versions/A/ImageIO
0x00007fff6b7fb000 	/usr/lib/libcompression.dylib
0x00007fff6b307000 	/usr/lib/libMobileGestalt.dylib
0x00007fff651fe000 	/System/Library/PrivateFrameworks/TextureIO.framework/Versions/A/TextureIO
0x00007fff6b5fe000 	/usr/lib/libate.dylib
0x00007fff596bb000 	/System/Library/PrivateFrameworks/InternationalSupport.framework/Versions/A/InternationalSupport
0x00007fff6c5d6000 	/usr/lib/liblzma.5.dylib
0x00007fff6c251000 	/usr/lib/libfakelink.dylib
0x00007fff6b58b000 	/usr/lib/libarchive.2.dylib
0x00007fff41da9000 	/System/Library/Frameworks/SystemConfiguration.framework/Versions/A/SystemConfiguration
0x00007fff6aef6000 	/usr/lib/libCRFSuite.dylib
0x00007fff32c00000 	/System/Library/Frameworks/CFNetwork.framework/Versions/A/CFNetwork
0x00007fff6b761000 	/usr/lib/libbsm.0.dylib
0x00007fff6e4d2000 	/usr/lib/system/libkxld.dylib
0x00007fff47ce6000 	/System/Library/PrivateFrameworks/AppleFSCompression.framework/Versions/A/AppleFSCompression
0x00007fff6baec000 	/usr/lib/libcoretls.dylib
0x00007fff6bb03000 	/usr/lib/libcoretls_cfhelpers.dylib
0x00007fff6d33f000 	/usr/lib/libpam.2.dylib
0x00007fff6d474000 	/usr/lib/libsqlite3.dylib
0x00007fff6d8b3000 	/usr/lib/libxar.1.dylib
0x00007fff6b772000 	/usr/lib/libbz2.1.0.dylib
0x00007fff6c272000 	/usr/lib/libiconv.2.dylib
0x00007fff6b7e8000 	/usr/lib/libcharset.1.dylib
0x00007fff6cddc000 	/usr/lib/libnetwork.dylib
0x00007fff6d346000 	/usr/lib/libpcap.A.dylib
0x00007fff6b540000 	/usr/lib/libapple_nghttp2.dylib
0x00007fff35b30000 	/System/Library/Frameworks/CoreServices.framework/Versions/A/Frameworks/FSEvents.framework/Versions/A/FSEvents
0x00007fff35800000 	/System/Library/Frameworks/CoreServices.framework/Versions/A/Frameworks/CarbonCore.framework/Versions/A/CarbonCore
0x00007fff35d74000 	/System/Library/Frameworks/CoreServices.framework/Versions/A/Frameworks/Metadata.framework/Versions/A/Metadata
0x00007fff35e0d000 	/System/Library/Frameworks/CoreServices.framework/Versions/A/Frameworks/OSServices.framework/Versions/A/OSServices
0x00007fff35e3b000 	/System/Library/Frameworks/CoreServices.framework/Versions/A/Frameworks/SearchKit.framework/Versions/A/SearchKit
0x00007fff3577a000 	/System/Library/Frameworks/CoreServices.framework/Versions/A/Frameworks/AE.framework/Versions/A/AE
0x00007fff35b39000 	/System/Library/Frameworks/CoreServices.framework/Versions/A/Frameworks/LaunchServices.framework/Versions/A/LaunchServices
0x00007fff35ae2000 	/System/Library/Frameworks/CoreServices.framework/Versions/A/Frameworks/DictionaryServices.framework/Versions/A/DictionaryServices
0x00007fff35ea3000 	/System/Library/Frameworks/CoreServices.framework/Versions/A/Frameworks/SharedFileList.framework/Versions/A/SharedFileList
0x00007fff3ad44000 	/System/Library/Frameworks/NetFS.framework/Versions/A/NetFS
0x00007fff5ba32000 	/System/Library/PrivateFrameworks/NetAuth.framework/Versions/A/NetAuth
0x00007fff683d6000 	/System/Library/PrivateFrameworks/login.framework/Versions/A/Frameworks/loginsupport.framework/Versions/A/loginsupport
0x00007fff64cc9000 	/System/Library/PrivateFrameworks/TCC.framework/Versions/A/TCC
0x00007fff4c918000 	/System/Library/PrivateFrameworks/CoreNLP.framework/Versions/A/CoreNLP
0x00007fff5af2f000 	/System/Library/PrivateFrameworks/MetadataUtilities.framework/Versions/A/MetadataUtilities
0x00007fff6c6ae000 	/usr/lib/libmecabra.dylib
0x00007fff6c606000 	/usr/lib/libmecab.dylib
0x00007fff6c262000 	/usr/lib/libgermantok.dylib
0x00007fff6b527000 	/usr/lib/libThaiTokenizer.dylib
0x00007fff6af2d000 	/usr/lib/libChineseTokenizer.dylib
0x00007fff30030000 	/System/Library/Frameworks/Accelerate.framework/Versions/A/Frameworks/vImage.framework/Versions/A/vImage
0x00007fff3149a000 	/System/Library/Frameworks/Accelerate.framework/Versions/A/Frameworks/vecLib.framework/Versions/A/vecLib
0x00007fff313d7000 	/System/Library/Frameworks/Accelerate.framework/Versions/A/Frameworks/vecLib.framework/Versions/A/libvMisc.dylib
0x00007fff311ff000 	/System/Library/Frameworks/Accelerate.framework/Versions/A/Frameworks/vecLib.framework/Versions/A/libvDSP.dylib
0x00007fff30687000 	/System/Library/Frameworks/Accelerate.framework/Versions/A/Frameworks/vecLib.framework/Versions/A/libBLAS.dylib
0x00007fff30dc3000 	/System/Library/Frameworks/Accelerate.framework/Versions/A/Frameworks/vecLib.framework/Versions/A/libLAPACK.dylib
0x00007fff3115f000 	/System/Library/Frameworks/Accelerate.framework/Versions/A/Frameworks/vecLib.framework/Versions/A/libLinearAlgebra.dylib
0x00007fff311ec000 	/System/Library/Frameworks/Accelerate.framework/Versions/A/Frameworks/vecLib.framework/Versions/A/libSparseBLAS.dylib
0x00007fff31175000 	/System/Library/Frameworks/Accelerate.framework/Versions/A/Frameworks/vecLib.framework/Versions/A/libQuadrature.dylib
0x00007fff308ef000 	/System/Library/Frameworks/Accelerate.framework/Versions/A/Frameworks/vecLib.framework/Versions/A/libBNNS.dylib
0x00007fff3117b000 	/System/Library/Frameworks/Accelerate.framework/Versions/A/Frameworks/vecLib.framework/Versions/A/libSparse.dylib
0x00007fff59aa3000 	/System/Library/PrivateFrameworks/LanguageModeling.framework/Versions/A/LanguageModeling
0x00007fff4c2c8000 	/System/Library/PrivateFrameworks/CoreEmoji.framework/Versions/A/CoreEmoji
0x00007fff59bc1000 	/System/Library/PrivateFrameworks/LinguisticData.framework/Versions/A/LinguisticData
0x00007fff59b72000 	/System/Library/PrivateFrameworks/Lexicon.framework/Versions/A/Lexicon
0x00007fff6b7e9000 	/usr/lib/libcmph.dylib
0x00007fff3d933000 	/System/Library/Frameworks/OpenDirectory.framework/Versions/A/Frameworks/CFOpenDirectory.framework/Versions/A/CFOpenDirectory
0x00007fff3d950000 	/System/Library/Frameworks/OpenDirectory.framework/Versions/A/OpenDirectory
0x00007fff45d93000 	/System/Library/PrivateFrameworks/APFS.framework/Versions/A/APFS
0x00007fff41042000 	/System/Library/Frameworks/SecurityFoundation.framework/Versions/A/SecurityFoundation
0x00007fff6d8af000 	/usr/lib/libutil.dylib
0x00007fff4d7fd000 	/System/Library/PrivateFrameworks/CoreServicesStore.framework/Versions/A/CoreServicesStore
0x00007fff410f9000 	/System/Library/Frameworks/ServiceManagement.framework/Versions/A/ServiceManagement
0x00007fff494b6000 	/System/Library/PrivateFrameworks/BackgroundTaskManagement.framework/Versions/A/BackgroundTaskManagement
0x00007fff6d9ac000 	/usr/lib/libxslt.1.dylib
0x00007fff48359000 	/System/Library/PrivateFrameworks/AppleSystemInfo.framework/Versions/A/AppleSystemInfo
0x00007fff374d9000 	/System/Library/Frameworks/ImageIO.framework/Versions/A/Resources/libJPEG.dylib
0x00007fff37796000 	/System/Library/Frameworks/ImageIO.framework/Versions/A/Resources/libTIFF.dylib
0x00007fff37779000 	/System/Library/Frameworks/ImageIO.framework/Versions/A/Resources/libPng.dylib
0x00007fff3741b000 	/System/Library/Frameworks/ImageIO.framework/Versions/A/Resources/libGIF.dylib
0x00007fff3741f000 	/System/Library/Frameworks/ImageIO.framework/Versions/A/Resources/libJP2.dylib
0x00007fff37794000 	/System/Library/Frameworks/ImageIO.framework/Versions/A/Resources/libRadiance.dylib
0x00007fff6c22b000 	/usr/lib/libexpat.1.dylib
0x00007fff47e41000 	/System/Library/PrivateFrameworks/AppleJPEG.framework/Versions/A/AppleJPEG
0x00007fff50b13000 	/System/Library/PrivateFrameworks/FontServices.framework/libFontParser.dylib
0x00007fff673d8000 	/System/Library/PrivateFrameworks/WatchdogClient.framework/Versions/A/WatchdogClient
0x00007fff590fe000 	/System/Library/PrivateFrameworks/IOAccelerator.framework/Versions/A/IOAccelerator
0x00007fff39ca3000 	/System/Library/Frameworks/MetalPerformanceShaders.framework/Versions/A/MetalPerformanceShaders
0x00007fff5588e000 	/System/Library/PrivateFrameworks/GPUWrangler.framework/Versions/A/GPUWrangler
0x00007fff59113000 	/System/Library/PrivateFrameworks/IOPresentment.framework/Versions/A/IOPresentment
0x00007fff4e37d000 	/System/Library/PrivateFrameworks/DSExternalDisplay.framework/Versions/A/DSExternalDisplay
0x00007fff3e2c4000 	/System/Library/Frameworks/OpenGL.framework/Versions/A/Libraries/libCoreFSCache.dylib
0x00007fff399ef000 	/System/Library/Frameworks/MetalPerformanceShaders.framework/Frameworks/MPSCore.framework/Versions/A/MPSCore
0x00007fff39a2d000 	/System/Library/Frameworks/MetalPerformanceShaders.framework/Frameworks/MPSImage.framework/Versions/A/MPSImage
0x00007fff39af4000 	/System/Library/Frameworks/MetalPerformanceShaders.framework/Frameworks/MPSNeuralNetwork.framework/Versions/A/MPSNeuralNetwork
0x00007fff39ab8000 	/System/Library/Frameworks/MetalPerformanceShaders.framework/Frameworks/MPSMatrix.framework/Versions/A/MPSMatrix
0x00007fff39c53000 	/System/Library/Frameworks/MetalPerformanceShaders.framework/Frameworks/MPSRayIntersector.framework/Versions/A/MPSRayIntersector
0x00007fff39ade000 	/System/Library/Frameworks/MetalPerformanceShaders.framework/Frameworks/MPSNDArray.framework/Versions/A/MPSNDArray
0x00007fff5af7c000 	/System/Library/PrivateFrameworks/MetalTools.framework/Versions/A/MetalTools
0x00007fff46f6d000 	/System/Library/PrivateFrameworks/AggregateDictionary.framework/Versions/A/AggregateDictionary
0x00007fff4bd10000 	/System/Library/PrivateFrameworks/CoreAnalytics.framework/Versions/A/CoreAnalytics
0x00007fff48278000 	/System/Library/PrivateFrameworks/AppleSauce.framework/Versions/A/AppleSauce
0x00007fff6b1e9000 	/usr/lib/libIOReport.dylib
0x00007fff363a4000 	/System/Library/Frameworks/CoreVideo.framework/Versions/A/CoreVideo
0x00007fff56d07000 	/System/Library/PrivateFrameworks/GraphVisualizer.framework/Versions/A/GraphVisualizer
0x00007fff50059000 	/System/Library/PrivateFrameworks/FaceCore.framework/Versions/A/FaceCore
0x00007fff3d8da000 	/System/Library/Frameworks/OpenCL.framework/Versions/A/OpenCL
0x00007fff6b00b000 	/usr/lib/libFosl_dynamic.dylib
0x00007fff5c453000 	/System/Library/PrivateFrameworks/OTSVG.framework/Versions/A/OTSVG
0x00007fff32559000 	/System/Library/Frameworks/ApplicationServices.framework/Versions/A/Frameworks/ATS.framework/Versions/A/Resources/libFontRegistry.dylib
0x00007fff50ce2000 	/System/Library/PrivateFrameworks/FontServices.framework/libhvf.dylib
0x00007fff3e2cf000 	/System/Library/Frameworks/OpenGL.framework/Versions/A/Libraries/libGFXShared.dylib
0x00007fff3e4ad000 	/System/Library/Frameworks/OpenGL.framework/Versions/A/Libraries/libGLU.dylib
0x00007fff3e2d8000 	/System/Library/Frameworks/OpenGL.framework/Versions/A/Libraries/libGL.dylib
0x00007fff3e2e3000 	/System/Library/Frameworks/OpenGL.framework/Versions/A/Libraries/libGLImage.dylib
0x00007fff3e2c1000 	/System/Library/Frameworks/OpenGL.framework/Versions/A/Libraries/libCVMSPluginSupport.dylib
0x00007fff3e2ca000 	/System/Library/Frameworks/OpenGL.framework/Versions/A/Libraries/libCoreVMClient.dylib
0x00007fff6cc7d000 	/usr/lib/libncurses.5.4.dylib
0x00007fff32455000 	/System/Library/Frameworks/ApplicationServices.framework/Versions/A/Frameworks/ATS.framework/Versions/A/ATS
0x00007fff32622000 	/System/Library/Frameworks/ApplicationServices.framework/Versions/A/Frameworks/ColorSyncLegacy.framework/Versions/A/ColorSyncLegacy
0x00007fff326c0000 	/System/Library/Frameworks/ApplicationServices.framework/Versions/A/Frameworks/HIServices.framework/Versions/A/HIServices
0x00007fff32718000 	/System/Library/Frameworks/ApplicationServices.framework/Versions/A/Frameworks/LangAnalysis.framework/Versions/A/LangAnalysis
0x00007fff32727000 	/System/Library/Frameworks/ApplicationServices.framework/Versions/A/Frameworks/PrintCore.framework/Versions/A/PrintCore
0x00007fff3276d000 	/System/Library/Frameworks/ApplicationServices.framework/Versions/A/Frameworks/QD.framework/Versions/A/QD
0x00007fff32778000 	/System/Library/Frameworks/ApplicationServices.framework/Versions/A/Frameworks/SpeechSynthesis.framework/Versions/A/SpeechSynthesis
0x00007fff325f2000 	/System/Library/Frameworks/ApplicationServices.framework/Versions/A/Frameworks/ATSUI.framework/Versions/A/ATSUI
0x00007fff6c0c1000 	/usr/lib/libcups.2.dylib
0x00007fff38d3e000 	/System/Library/Frameworks/Kerberos.framework/Versions/A/Kerberos
0x00007fff36e80000 	/System/Library/Frameworks/GSS.framework/Versions/A/GSS
0x00007fff6d400000 	/usr/lib/libresolv.9.dylib
0x00007fff56eb4000 	/System/Library/PrivateFrameworks/Heimdal.framework/Versions/A/Heimdal
0x00007fff38d51000 	/System/Library/Frameworks/Kerberos.framework/Versions/A/Libraries/libHeimdalProxy.dylib
0x00007fff6c268000 	/usr/lib/libheimdal-asn1.dylib
0x00007fff4b1a8000 	/System/Library/PrivateFrameworks/CommonAuth.framework/Versions/A/CommonAuth
0x00007fff483f6000 	/System/Library/PrivateFrameworks/AssertionServices.framework/Versions/A/AssertionServices
0x00007fff48f99000 	/System/Library/PrivateFrameworks/AudioToolboxCore.framework/Versions/A/AudioToolboxCore
0x00007fff68086000 	/System/Library/PrivateFrameworks/caulk.framework/Versions/A/caulk
0x00007fff49562000 	/System/Library/PrivateFrameworks/BaseBoard.framework/Versions/A/BaseBoard
0x00007fff606b6000 	/System/Library/PrivateFrameworks/RunningBoardServices.framework/Versions/A/RunningBoardServices
0x00007fff5d6c7000 	/System/Library/PrivateFrameworks/PersistentConnection.framework/Versions/A/PersistentConnection
0x00007fff600af000 	/System/Library/PrivateFrameworks/ProtocolBuffer.framework/Versions/A/ProtocolBuffer
0x00007fff4b1cc000 	/System/Library/PrivateFrameworks/CommonUtilities.framework/Versions/A/CommonUtilities
0x00007fff496f0000 	/System/Library/PrivateFrameworks/Bom.framework/Versions/A/Bom
0x00007fff6aebc000 	/usr/lib/libAudioToolboxUtility.dylib
0x00007fff494c0000 	/System/Library/PrivateFrameworks/Backup.framework/Versions/A/Backup
0x00007fff4e29e000 	/System/Library/PrivateFrameworks/CrashReporterSupport.framework/Versions/A/CrashReporterSupport
0x00007fff62148000 	/System/Library/PrivateFrameworks/Sharing.framework/Versions/A/Sharing
0x00007fff47a04000 	/System/Library/PrivateFrameworks/Apple80211.framework/Versions/A/Apple80211
0x00007fff491dd000 	/System/Library/PrivateFrameworks/AuthKit.framework/Versions/A/AuthKit
0x00007fff4dfab000 	/System/Library/PrivateFrameworks/CoreUtils.framework/Versions/A/CoreUtils
0x00007fff363e9000 	/System/Library/Frameworks/CoreWLAN.framework/Versions/A/CoreWLAN
0x00007fff3700d000 	/System/Library/Frameworks/IOBluetooth.framework/Versions/A/IOBluetooth
0x00007fff5b281000 	/System/Library/PrivateFrameworks/MobileKeyBag.framework/Versions/A/MobileKeyBag
0x00007fff4cdb0000 	/System/Library/PrivateFrameworks/CorePhoneNumbers.framework/Versions/A/CorePhoneNumbers
0x00007fff47df4000 	/System/Library/PrivateFrameworks/AppleIDAuthSupport.framework/Versions/A/AppleIDAuthSupport
0x00007fff3ad51000 	/System/Library/Frameworks/Network.framework/Versions/A/Network
0x00007fff5994f000 	/System/Library/PrivateFrameworks/KeychainCircle.framework/Versions/A/KeychainCircle
0x00007fff33e3a000 	/System/Library/Frameworks/CoreBluetooth.framework/Versions/A/CoreBluetooth
0x00007fff641c7000 	/System/Library/PrivateFrameworks/SpeechRecognitionCore.framework/Versions/A/SpeechRecognitionCore
0x0000000107200000 	/usr/local/Cellar/openjdk/14.0.1/libexec/openjdk.jdk/Contents/Home/lib/server/libjvm.dylib
0x00000001051ac000 	/usr/local/Cellar/openjdk/14.0.1/libexec/openjdk.jdk/Contents/Home/lib/libjimage.dylib
0x00000001051be000 	/usr/local/Cellar/openjdk/14.0.1/libexec/openjdk.jdk/Contents/Home/lib/libjava.dylib
0x00000001051e3000 	/usr/local/Cellar/openjdk/14.0.1/libexec/openjdk.jdk/Contents/Home/lib/libzip.dylib
0x000000010e3a1000 	/usr/local/Cellar/openjdk/14.0.1/libexec/openjdk.jdk/Contents/Home/lib/libnio.dylib
0x000000010e3b1000 	/usr/local/Cellar/openjdk/14.0.1/libexec/openjdk.jdk/Contents/Home/lib/libnet.dylib
0x000000010e3c6000 	/usr/local/Cellar/openjdk/14.0.1/libexec/openjdk.jdk/Contents/Home/lib/libawt.dylib
0x000000010e45d000 	/usr/local/Cellar/openjdk/14.0.1/libexec/openjdk.jdk/Contents/Home/lib/libmlib_image.dylib
0x00007fff38d28000 	/System/Library/Frameworks/JavaVM.framework/Versions/A/Frameworks/JavaNativeFoundation.framework/Versions/A/JavaNativeFoundation
0x00007fff38d31000 	/System/Library/Frameworks/JavaVM.framework/Versions/A/Frameworks/JavaRuntimeSupport.framework/Versions/A/JavaRuntimeSupport
0x00007fff38d39000 	/System/Library/Frameworks/JavaVM.framework/Versions/A/JavaVM
0x00007fff59766000 	/System/Library/PrivateFrameworks/JavaLaunching.framework/Versions/A/JavaLaunching
0x00007fff3300b000 	/System/Library/Frameworks/Carbon.framework/Versions/A/Carbon
0x00007fff4dd50000 	/System/Library/PrivateFrameworks/CoreSymbolication.framework/Versions/A/CoreSymbolication
0x00007fff3300c000 	/System/Library/Frameworks/Carbon.framework/Versions/A/Frameworks/CommonPanels.framework/Versions/A/CommonPanels
0x00007fff33305000 	/System/Library/Frameworks/Carbon.framework/Versions/A/Frameworks/Help.framework/Versions/A/Help
0x00007fff33309000 	/System/Library/Frameworks/Carbon.framework/Versions/A/Frameworks/ImageCapture.framework/Versions/A/ImageCapture
0x00007fff33310000 	/System/Library/Frameworks/Carbon.framework/Versions/A/Frameworks/OpenScripting.framework/Versions/A/OpenScripting
0x00007fff3330f000 	/System/Library/Frameworks/Carbon.framework/Versions/A/Frameworks/Ink.framework/Versions/A/Ink
0x00007fff3334b000 	/System/Library/Frameworks/Carbon.framework/Versions/A/Frameworks/Print.framework/Versions/A/Print
0x00007fff3334c000 	/System/Library/Frameworks/Carbon.framework/Versions/A/Frameworks/SecurityHI.framework/Versions/A/SecurityHI
0x00007fff4e4d2000 	/System/Library/PrivateFrameworks/DebugSymbols.framework/Versions/A/DebugSymbols
0x000000010e4c0000 	/usr/local/Cellar/openjdk/14.0.1/libexec/openjdk.jdk/Contents/Home/lib/libawt_lwawt.dylib
0x000000010e566000 	/usr/local/Cellar/openjdk/14.0.1/libexec/openjdk.jdk/Contents/Home/lib/libosxapp.dylib
0x00007fff368e9000 	/System/Library/Frameworks/ExceptionHandling.framework/Versions/A/ExceptionHandling
0x000000010e58d000 	/usr/local/Cellar/openjdk/14.0.1/libexec/openjdk.jdk/Contents/Home/lib/libfontmanager.dylib
0x000000010e68b000 	/usr/local/Cellar/openjdk/14.0.1/libexec/openjdk.jdk/Contents/Home/lib/libfreetype.dylib
0x00007fff4d7c9000 	/System/Library/PrivateFrameworks/CoreServicesInternal.framework/Versions/A/CoreServicesInternal
0x00007fff36908000 	/System/Library/Frameworks/FileProvider.framework/Versions/A/FileProvider
0x00007fff3149b000 	/System/Library/Frameworks/Accounts.framework/Versions/A/Accounts
0x00007fff55bb3000 	/System/Library/PrivateFrameworks/GenerationalStorage.framework/Versions/A/GenerationalStorage
0x00007fff64a09000 	/System/Library/PrivateFrameworks/SymptomDiagnosticReporter.framework/Versions/A/SymptomDiagnosticReporter
0x00007fff47508000 	/System/Library/PrivateFrameworks/AppContainer.framework/Versions/A/AppContainer
0x00007fff6d41a000 	/usr/lib/libsandbox.1.dylib
0x00007fff6637b000 	/System/Library/PrivateFrameworks/UserManagement.framework/Versions/A/UserManagement
0x00007fff4a2ac000 	/System/Library/PrivateFrameworks/ChunkingLibrary.framework/Versions/A/ChunkingLibrary
0x00007fff4757a000 	/System/Library/PrivateFrameworks/AppSandbox.framework/Versions/A/AppSandbox
0x00007fff61fd2000 	/System/Library/PrivateFrameworks/SecCodeWrapper.framework/Versions/A/SecCodeWrapper
0x00007fff6b2d1000 	/usr/lib/libMatch.1.dylib
0x00007fff27483000 	/System/Library/CoreServices/RawCamera.bundle/Contents/MacOS/RawCamera
0x00007fff5b0ab000 	/System/Library/PrivateFrameworks/MobileAsset.framework/Versions/A/MobileAsset
0x00007fff648b1000 	/System/Library/PrivateFrameworks/StreamingZip.framework/Versions/A/StreamingZip
0x00007fff391b9000 	/System/Library/Frameworks/MediaToolbox.framework/Versions/A/MediaToolbox
0x00007fff4bcc0000 	/System/Library/PrivateFrameworks/CoreAVCHD.framework/Versions/A/CoreAVCHD
0x00007fff390e3000 	/System/Library/Frameworks/MediaAccessibility.framework/Versions/A/MediaAccessibility
0x00007fff5a45f000 	/System/Library/PrivateFrameworks/Mangrove.framework/Versions/A/Mangrove
0x00007fff355b1000 	/System/Library/Frameworks/CoreMedia.framework/Versions/A/CoreMedia
0x00007fff5a6cb000 	/System/Library/PrivateFrameworks/MediaExperience.framework/Versions/A/MediaExperience
0x00007fff420a3000 	/System/Library/Frameworks/VideoToolbox.framework/Versions/A/VideoToolbox
0x00007fff4b8ea000 	/System/Library/PrivateFrameworks/CoreAUC.framework/Versions/A/CoreAUC
0x00007fff6d472000 	/usr/lib/libspindump.dylib
0x00007fff48948000 	/System/Library/PrivateFrameworks/AudioResourceArbitration.framework/Versions/A/AudioResourceArbitration
0x00007fff4835d000 	/System/Library/PrivateFrameworks/AppleVA.framework/Versions/A/AppleVA
0x00007fff30019000 	/System/Library/Frameworks/Accelerate.framework/Versions/A/Frameworks/vImage.framework/Versions/A/Libraries/libCGInterfaces.dylib
0x000000010f162000 	/usr/lib/libobjc-trampolines.dylib
0x00007fff50c4a000 	/System/Library/PrivateFrameworks/FontServices.framework/libTrueTypeScaler.dylib
0x00007fff276d3000 	/System/Library/Extensions/AMDMTLBronzeDriver.bundle/Contents/MacOS/AMDMTLBronzeDriver
0x00007fff590f4000 	/System/Library/PrivateFrameworks/IOAccelMemoryInfo.framework/Versions/A/IOAccelMemoryInfo
0x00007fff2cd91000 	/System/Library/Extensions/AppleIntelKBLGraphicsMTLDriver.bundle/Contents/MacOS/AppleIntelKBLGraphicsMTLDriver
0x00007fff541d3000 	/System/Library/PrivateFrameworks/GPUCompiler.framework/Versions/3902/Libraries/libmetal_timestamp.dylib
0x00007fff67147000 	/System/Library/PrivateFrameworks/ViewBridge.framework/Versions/A/ViewBridge
0x00007fff683d9000 	/System/Library/PrivateFrameworks/login.framework/Versions/A/login
0x000000013063c000 	/usr/local/Cellar/openjdk/14.0.1/libexec/openjdk.jdk/Contents/Home/lib/libosxui.dylib
0x00007fff3ef35000 	/System/Library/Frameworks/OpenGL.framework/Versions/A/Resources/GLEngine.bundle/GLEngine
0x00007fff3e318000 	/System/Library/Frameworks/OpenGL.framework/Versions/A/Libraries/libGLProgrammability.dylib
0x00007fff2bd89000 	/System/Library/Extensions/AppleIntelKBLGraphicsGLDriver.bundle/Contents/MacOS/AppleIntelKBLGraphicsGLDriver
0x00007fff55882000 	/System/Library/PrivateFrameworks/GPUSupport.framework/Versions/A/Libraries/libGPUSupportMercury.dylib
0x0000000130f8e000 	/System/Library/Extensions/AMDRadeonX4000GLDriver.bundle/Contents/MacOS/AMDRadeonX4000GLDriver
0x00007fff27802000 	/System/Library/Extensions/AMDRadeonX4000GLDriver.bundle/Contents/MacOS/ATIRadeonX4000SCLib.dylib
0x00007fff28d12000 	/System/Library/Extensions/AMDShared.bundle/Contents/PlugIns/libSC.dylib
0x00007fff3f0af000 	/System/Library/Frameworks/OpenGL.framework/Versions/A/Resources/GLRendererFloat.bundle/GLRendererFloat
0x00007fff3d8d1000 	/System/Library/Frameworks/OpenCL.framework/Versions/A/Libraries/libcldcpuengine.dylib
0x0000000160f22000 	/usr/local/Cellar/openjdk/14.0.1/libexec/openjdk.jdk/Contents/Home/lib/libverify.dylib
0x0000000160f2d000 	/Users/maxdulin/Documents/Research/GB/Emulicious/lib/libjinput-osx.dylib
0x0000000160f32000 	/System/Library/Extensions/IOHIDFamily.kext/Contents/PlugIns/IOHIDLib.plugin/Contents/MacOS/IOHIDLib
0x00007fff56d8c000 	/System/Library/PrivateFrameworks/HIDAnalytics.framework/Versions/A/HIDAnalytics
0x00007fff6d854000 	/usr/lib/libusrtcp.dylib
0x0000000161ced000 	/usr/local/Cellar/openjdk/14.0.1/libexec/openjdk.jdk/Contents/Home/lib/libextnet.dylib
0x00007fff622c8000 	/System/Library/PrivateFrameworks/Shortcut.framework/Versions/A/Shortcut
0x00007fff5796f000 	/System/Library/PrivateFrameworks/HelpData.framework/Versions/A/HelpData
0x0000000161f0a000 	/usr/local/Cellar/openjdk/14.0.1/libexec/openjdk.jdk/Contents/Home/lib/libjsound.dylib
0x00007fff3525b000 	/System/Library/Frameworks/CoreMIDI.framework/Versions/A/CoreMIDI
0x0000000161f3c000 	/System/Library/Extensions/AppleGFXHDA.kext/Contents/PlugIns/AppleGFXHDAHALPlugIn.bundle/Contents/MacOS/AppleGFXHDAHALPlugIn
0x0000000162008000 	/System/Library/Components/CoreAudio.component/Contents/MacOS/CoreAudio
0x00007fff48e82000 	/System/Library/PrivateFrameworks/AudioSession.framework/Versions/A/AudioSession
0x00007fff48ed4000 	/System/Library/PrivateFrameworks/AudioSession.framework/libSessionUtility.dylib
0x00007fff64a83000 	/System/Library/PrivateFrameworks/SystemAdministration.framework/Versions/A/SystemAdministration
0x00007fff4ea10000 	/System/Library/PrivateFrameworks/DiskManagement.framework/Versions/A/DiskManagement
0x00007fff36632000 	/System/Library/Frameworks/DirectoryService.framework/Versions/A/DirectoryService
0x00007fff4e947000 	/System/Library/PrivateFrameworks/DiskImages.framework/Versions/A/DiskImages
0x00007fff59c6a000 	/System/Library/PrivateFrameworks/LoginUIKit.framework/Versions/A/Frameworks/LoginUICore.framework/Versions/A/LoginUICore
0x00007fff6af38000 	/usr/lib/libCoreStorage.dylib
0x00007fff6c0ae000 	/usr/lib/libcsfde.dylib
0x00007fff6d32d000 	/usr/lib/libodfde.dylib
0x00007fff5a756000 	/System/Library/PrivateFrameworks/MediaKit.framework/Versions/A/MediaKit
0x00007fff3663e000 	/System/Library/Frameworks/DiscRecording.framework/Versions/A/DiscRecording
0x00007fff4ebc6000 	/System/Library/PrivateFrameworks/EFILogin.framework/Versions/A/EFILogin
0x00007fff60054000 	/System/Library/PrivateFrameworks/ProtectedCloudStorage.framework/Versions/A/ProtectedCloudStorage
0x00007fff6c122000 	/usr/lib/libcurl.4.dylib
0x00007fff6bfa7000 	/usr/lib/libcrypto.44.dylib
0x00007fff6d752000 	/usr/lib/libssl.46.dylib
0x00007fff38d52000 	/System/Library/Frameworks/LDAP.framework/Versions/A/LDAP
0x00007fff6545b000 	/System/Library/PrivateFrameworks/TrustEvaluationAgent.framework/Versions/A/TrustEvaluationAgent
0x00007fff6d45f000 	/usr/lib/libsasl2.2.dylib
0x00007fff4c03c000 	/System/Library/PrivateFrameworks/CoreDaemon.framework/Versions/B/CoreDaemon
0x00007fff48273000 	/System/Library/PrivateFrameworks/AppleSRP.framework/Versions/A/AppleSRP


VM Arguments:
java_command: Emulicious.jar
java_class_path (initial): Emulicious.jar
Launcher Type: SUN_STANDARD

[Global flags]
     intx CICompilerCount                          = 12                                        {product} {ergonomic}
     uint ConcGCThreads                            = 3                                         {product} {ergonomic}
     uint G1ConcRefinementThreads                  = 13                                        {product} {ergonomic}
   size_t G1HeapRegionSize                         = 1048576                                   {product} {ergonomic}
    uintx GCDrainStackTargetSize                   = 64                                        {product} {ergonomic}
   size_t InitialHeapSize                          = 268435456                                 {product} {ergonomic}
   size_t MarkStackSize                            = 4194304                                   {product} {ergonomic}
   size_t MaxHeapSize                              = 4294967296                                {product} {ergonomic}
   size_t MaxNewSize                               = 2576351232                                {product} {ergonomic}
   size_t MinHeapDeltaBytes                        = 1048576                                   {product} {ergonomic}
   size_t MinHeapSize                              = 8388608                                   {product} {ergonomic}
    uintx NonNMethodCodeHeapSize                   = 7602480                                {pd product} {ergonomic}
    uintx NonProfiledCodeHeapSize                  = 122027880                              {pd product} {ergonomic}
    uintx ProfiledCodeHeapSize                     = 122027880                              {pd product} {ergonomic}
    uintx ReservedCodeCacheSize                    = 251658240                              {pd product} {ergonomic}
     bool SegmentedCodeCache                       = true                                      {product} {ergonomic}
   size_t SoftMaxHeapSize                          = 4294967296                             {manageable} {ergonomic}
     bool UseCompressedClassPointers               = true                                 {lp64_product} {ergonomic}
     bool UseCompressedOops                        = true                                 {lp64_product} {ergonomic}
     bool UseG1GC                                  = true                                      {product} {ergonomic}

Logging:
Log output configuration:
 #0: stdout all=warning uptime,level,tags
 #1: stderr all=off uptime,level,tags

Environment Variables:
PATH=/usr/local/opt/qt/bin:/opt/local/bin:/opt/local/sbin:/usr/local/opt/openjdk/bin:/usr/local/opt/ruby/bin:/usr/local/opt/ruby/bin:/Users/maxdulin/.composer/vendor/bin:/usr/local/opt/net-snmp/sbin:/usr/local/opt/net-snmp/bin:/Library/Frameworks/Python.framework/Versions/3.7/bin:/usr/local/bin:/usr/bin:/bin:/usr/sbin:/sbin:/usr/local/share/dotnet:/opt/X11/bin:~/.dotnet/tools:/Library/Apple/usr/bin:/Library/Frameworks/Mono.framework/Versions/Current/Commands:/Applications/Wireshark.app/Contents/MacOS
SHELL=/bin/bash
DISPLAY=/private/tmp/com.apple.launchd.sTsflTsBwR/org.macosforge.xquartz:0

Signal Handlers:
SIGSEGV: [libjvm.dylib+0x7c6786], sa_mask[0]=11111111011111110111111111111111, sa_flags=SA_ONSTACK|SA_RESTART|SA_SIGINFO
SIGBUS: [libjvm.dylib+0x7c6786], sa_mask[0]=11111111011111110111111111111111, sa_flags=SA_RESTART|SA_SIGINFO
SIGFPE: [libjvm.dylib+0x7c6786], sa_mask[0]=11111111011111110111111111111111, sa_flags=SA_RESTART|SA_SIGINFO
SIGPIPE: [libjvm.dylib+0x606279], sa_mask[0]=11111111011111110111111111111111, sa_flags=SA_RESTART|SA_SIGINFO
SIGXFSZ: [libjvm.dylib+0x606279], sa_mask[0]=11111111011111110111111111111111, sa_flags=SA_RESTART|SA_SIGINFO
SIGILL: [libjvm.dylib+0x7c6786], sa_mask[0]=11111111011111110111111111111111, sa_flags=SA_RESTART|SA_SIGINFO
SIGUSR2: [libjvm.dylib+0x606836], sa_mask[0]=00000000000000000000000000000000, sa_flags=SA_RESTART|SA_SIGINFO
SIGHUP: [libjvm.dylib+0x6058a5], sa_mask[0]=11111111011111110111111111111111, sa_flags=SA_RESTART|SA_SIGINFO
SIGINT: [libjvm.dylib+0x6058a5], sa_mask[0]=11111111011111110111111111111111, sa_flags=SA_RESTART|SA_SIGINFO
SIGTERM: [libjvm.dylib+0x6058a5], sa_mask[0]=11111111011111110111111111111111, sa_flags=SA_RESTART|SA_SIGINFO
SIGQUIT: [libjvm.dylib+0x6058a5], sa_mask[0]=11111111011111110111111111111111, sa_flags=SA_RESTART|SA_SIGINFO


---------------  S Y S T E M  ---------------

OS:uname:Darwin 19.6.0 Darwin Kernel Version 19.6.0: Tue Jan 12 22:13:05 PST 2021; root:xnu-6153.141.16~1/RELEASE_X86_64 x86_64
OS uptime: 15 days 23:00 hours
rlimit: STACK 8192k, CORE 0k, NPROC 2784, NOFILE 10240, AS infinity, DATA infinity, FSIZE infinity
load average:2.01 2.02 1.93

CPU:total 16 (initial active 16) (8 cores per cpu, 2 threads per core) family 6 model 158 stepping 13, cmov, cx8, fxsr, mmx, sse, sse2, sse3, ssse3, sse4.1, sse4.2, popcnt, avx, avx2, aes, clmul, erms, 3dnowpref, lzcnt, ht, tsc, tscinvbit, bmi1, bmi2, adx, fma

Memory: 4k page, physical 16777216k(550152k free), swap 2097152k(966400k free)

vm_info: OpenJDK 64-Bit Server VM (14.0.1+14) for bsd-amd64 JRE (14.0.1+14), built on Jun 30 2020 17:22:12 by "brew" with clang 4.2.1 Compatible Apple LLVM 11.0.0 (clang-1100.0.33.17)

END.
